[ 2017-06-13T14:54:57+08:00 ] 127.0.0.1 /thinkphp/Home/Debug/trace_test
[ 基本 ]
请求信息:2017-06-13 14:54:57 HTTP/1.1 GET : /thinkphp/Home/Debug/trace_test
运行时间:0.0170s ( Load:0.0100s Init:0.0030s Exec:0.0040s Template:0.0000s )
吞吐率:58.82req/s
内存开销:700.30 kb
查询信息:0 queries 0 writes 
文件加载:12
缓存信息:0 gets 0 writes 
配置加载:131
会话信息:SESSION_ID=h178g8fcumrjrticu0a4nj8pk7

[ 文件 ]
H:\test_local\thinkphp\index.php ( 1.96 KB )
H:\test_local\thinkphp\ThinkPHP\ThinkPHP.php ( 4.71 KB )
H:\test_local\thinkphp\ThinkPHP\Library\Think\Think.class.php ( 12.32 KB )
H:\test_local\thinkphp\ThinkPHP\Library\Think\Storage.class.php ( 1.38 KB )
H:\test_local\thinkphp\ThinkPHP\Library\Think\Storage\Driver\File.class.php ( 3.56 KB )
H:\test_local\thinkphp\Application\Runtime\common~runtime.php ( 70.53 KB )
H:\test_local\thinkphp\Application\Common\Conf\user.php ( 0.37 KB )
H:\test_local\thinkphp\Application\Common\Conf\db.php ( 0.59 KB )
H:\test_local\thinkphp\Application\Home\Conf\config.php ( 2.59 KB )
H:\test_local\thinkphp\ThinkPHP\Library\Behavior\ReadHtmlCacheBehavior.class.php ( 5.62 KB )
H:\test_local\thinkphp\Application\Home\Controller\DebugController.class.php ( 1.24 KB )
H:\test_local\thinkphp\ThinkPHP\Library\Behavior\ShowPageTraceBehavior.class.php ( 5.27 KB )

[ 流程 ]


[ 错误 ]


[ SQL ]


[ 调试 ]


[ 用户 ]


[ 2017-06-13T14:55:13+08:00 ] 127.0.0.1 /thinkphp/Home/Debug/trace_test
[ 基本 ]
请求信息:2017-06-13 14:55:13 HTTP/1.1 GET : /thinkphp/Home/Debug/trace_test
运行时间:0.0150s ( Load:0.0100s Init:0.0040s Exec:0.0010s Template:0.0000s )
吞吐率:66.67req/s
内存开销:700.69 kb
查询信息:0 queries 0 writes 
文件加载:12
缓存信息:0 gets 0 writes 
配置加载:131
会话信息:SESSION_ID=h178g8fcumrjrticu0a4nj8pk7

[ 文件 ]
H:\test_local\thinkphp\index.php ( 1.96 KB )
H:\test_local\thinkphp\ThinkPHP\ThinkPHP.php ( 4.71 KB )
H:\test_local\thinkphp\ThinkPHP\Library\Think\Think.class.php ( 12.32 KB )
H:\test_local\thinkphp\ThinkPHP\Library\Think\Storage.class.php ( 1.38 KB )
H:\test_local\thinkphp\ThinkPHP\Library\Think\Storage\Driver\File.class.php ( 3.56 KB )
H:\test_local\thinkphp\Application\Runtime\common~runtime.php ( 70.53 KB )
H:\test_local\thinkphp\Application\Common\Conf\user.php ( 0.37 KB )
H:\test_local\thinkphp\Application\Common\Conf\db.php ( 0.59 KB )
H:\test_local\thinkphp\Application\Home\Conf\config.php ( 2.59 KB )
H:\test_local\thinkphp\ThinkPHP\Library\Behavior\ReadHtmlCacheBehavior.class.php ( 5.62 KB )
H:\test_local\thinkphp\Application\Home\Controller\DebugController.class.php ( 1.24 KB )
H:\test_local\thinkphp\ThinkPHP\Library\Behavior\ShowPageTraceBehavior.class.php ( 5.27 KB )

[ 流程 ]


[ 错误 ]


[ SQL ]


[ 调试 ]


[ 用户 ]


[ 2017-06-13T14:55:58+08:00 ] 127.0.0.1 /thinkphp/Home/Debug/trace_test
[ 基本 ]
请求信息:2017-06-13 14:55:58 HTTP/1.1 GET : /thinkphp/Home/Debug/trace_test
运行时间:0.0180s ( Load:0.0150s Init:0.0020s Exec:0.0010s Template:0.0000s )
吞吐率:55.56req/s
内存开销:701.30 kb
查询信息:0 queries 0 writes 
文件加载:12
缓存信息:0 gets 0 writes 
配置加载:131
会话信息:SESSION_ID=h178g8fcumrjrticu0a4nj8pk7

[ 文件 ]
H:\test_local\thinkphp\index.php ( 1.96 KB )
H:\test_local\thinkphp\ThinkPHP\ThinkPHP.php ( 4.71 KB )
H:\test_local\thinkphp\ThinkPHP\Library\Think\Think.class.php ( 12.32 KB )
H:\test_local\thinkphp\ThinkPHP\Library\Think\Storage.class.php ( 1.38 KB )
H:\test_local\thinkphp\ThinkPHP\Library\Think\Storage\Driver\File.class.php ( 3.56 KB )
H:\test_local\thinkphp\Application\Runtime\common~runtime.php ( 70.53 KB )
H:\test_local\thinkphp\Application\Common\Conf\user.php ( 0.37 KB )
H:\test_local\thinkphp\Application\Common\Conf\db.php ( 0.59 KB )
H:\test_local\thinkphp\Application\Home\Conf\config.php ( 2.59 KB )
H:\test_local\thinkphp\ThinkPHP\Library\Behavior\ReadHtmlCacheBehavior.class.php ( 5.62 KB )
H:\test_local\thinkphp\Application\Home\Controller\DebugController.class.php ( 1.30 KB )
H:\test_local\thinkphp\ThinkPHP\Library\Behavior\ShowPageTraceBehavior.class.php ( 5.27 KB )

[ 流程 ]


[ 错误 ]


[ SQL ]


[ 调试 ]


[ 用户 ]
用户信息:用户信息调试

[ 2017-06-13T15:02:13+08:00 ] 127.0.0.1 /thinkphp/Home/Debug/trace_test
[ 基本 ]
请求信息:2017-06-13 15:02:13 HTTP/1.1 GET : /thinkphp/Home/Debug/trace_test
运行时间:0.0270s ( Load:0.0230s Init:0.0020s Exec:0.0020s Template:0.0000s )
吞吐率:37.04req/s
内存开销:701.33 kb
查询信息:0 queries 0 writes 
文件加载:12
缓存信息:0 gets 0 writes 
配置加载:131
会话信息:SESSION_ID=h178g8fcumrjrticu0a4nj8pk7

[ 文件 ]
H:\test_local\thinkphp\index.php ( 1.96 KB )
H:\test_local\thinkphp\ThinkPHP\ThinkPHP.php ( 4.71 KB )
H:\test_local\thinkphp\ThinkPHP\Library\Think\Think.class.php ( 12.32 KB )
H:\test_local\thinkphp\ThinkPHP\Library\Think\Storage.class.php ( 1.38 KB )
H:\test_local\thinkphp\ThinkPHP\Library\Think\Storage\Driver\File.class.php ( 3.56 KB )
H:\test_local\thinkphp\Application\Runtime\common~runtime.php ( 70.53 KB )
H:\test_local\thinkphp\Application\Common\Conf\user.php ( 0.37 KB )
H:\test_local\thinkphp\Application\Common\Conf\db.php ( 0.59 KB )
H:\test_local\thinkphp\Application\Home\Conf\config.php ( 2.59 KB )
H:\test_local\thinkphp\ThinkPHP\Library\Behavior\ReadHtmlCacheBehavior.class.php ( 5.62 KB )
H:\test_local\thinkphp\Application\Home\Controller\DebugController.class.php ( 1.42 KB )
H:\test_local\thinkphp\ThinkPHP\Library\Behavior\ShowPageTraceBehavior.class.php ( 5.27 KB )

[ 流程 ]


[ 错误 ]


[ SQL ]


[ 调试 ]
提示:测试信息

[ 用户 ]


[ 2017-06-13T15:02:15+08:00 ] 127.0.0.1 /thinkphp/Home/Debug/trace_test
[ 基本 ]
请求信息:2017-06-13 15:02:15 HTTP/1.1 GET : /thinkphp/Home/Debug/trace_test
运行时间:0.0220s ( Load:0.0150s Init:0.0040s Exec:0.0030s Template:0.0000s )
吞吐率:45.45req/s
内存开销:701.33 kb
查询信息:0 queries 0 writes 
文件加载:12
缓存信息:0 gets 0 writes 
配置加载:131
会话信息:SESSION_ID=h178g8fcumrjrticu0a4nj8pk7

[ 文件 ]
H:\test_local\thinkphp\index.php ( 1.96 KB )
H:\test_local\thinkphp\ThinkPHP\ThinkPHP.php ( 4.71 KB )
H:\test_local\thinkphp\ThinkPHP\Library\Think\Think.class.php ( 12.32 KB )
H:\test_local\thinkphp\ThinkPHP\Library\Think\Storage.class.php ( 1.38 KB )
H:\test_local\thinkphp\ThinkPHP\Library\Think\Storage\Driver\File.class.php ( 3.56 KB )
H:\test_local\thinkphp\Application\Runtime\common~runtime.php ( 70.53 KB )
H:\test_local\thinkphp\Application\Common\Conf\user.php ( 0.37 KB )
H:\test_local\thinkphp\Application\Common\Conf\db.php ( 0.59 KB )
H:\test_local\thinkphp\Application\Home\Conf\config.php ( 2.59 KB )
H:\test_local\thinkphp\ThinkPHP\Library\Behavior\ReadHtmlCacheBehavior.class.php ( 5.62 KB )
H:\test_local\thinkphp\Application\Home\Controller\DebugController.class.php ( 1.42 KB )
H:\test_local\thinkphp\ThinkPHP\Library\Behavior\ShowPageTraceBehavior.class.php ( 5.27 KB )

[ 流程 ]


[ 错误 ]


[ SQL ]


[ 调试 ]
提示:测试信息

[ 用户 ]


[ 2017-06-13T15:02:15+08:00 ] 127.0.0.1 /thinkphp/Home/Debug/trace_test
[ 基本 ]
请求信息:2017-06-13 15:02:15 HTTP/1.1 GET : /thinkphp/Home/Debug/trace_test
运行时间:0.0200s ( Load:0.0160s Init:0.0020s Exec:0.0020s Template:0.0000s )
吞吐率:50.00req/s
内存开销:701.33 kb
查询信息:0 queries 0 writes 
文件加载:12
缓存信息:0 gets 0 writes 
配置加载:131
会话信息:SESSION_ID=h178g8fcumrjrticu0a4nj8pk7

[ 文件 ]
H:\test_local\thinkphp\index.php ( 1.96 KB )
H:\test_local\thinkphp\ThinkPHP\ThinkPHP.php ( 4.71 KB )
H:\test_local\thinkphp\ThinkPHP\Library\Think\Think.class.php ( 12.32 KB )
H:\test_local\thinkphp\ThinkPHP\Library\Think\Storage.class.php ( 1.38 KB )
H:\test_local\thinkphp\ThinkPHP\Library\Think\Storage\Driver\File.class.php ( 3.56 KB )
H:\test_local\thinkphp\Application\Runtime\common~runtime.php ( 70.53 KB )
H:\test_local\thinkphp\Application\Common\Conf\user.php ( 0.37 KB )
H:\test_local\thinkphp\Application\Common\Conf\db.php ( 0.59 KB )
H:\test_local\thinkphp\Application\Home\Conf\config.php ( 2.59 KB )
H:\test_local\thinkphp\ThinkPHP\Library\Behavior\ReadHtmlCacheBehavior.class.php ( 5.62 KB )
H:\test_local\thinkphp\Application\Home\Controller\DebugController.class.php ( 1.42 KB )
H:\test_local\thinkphp\ThinkPHP\Library\Behavior\ShowPageTraceBehavior.class.php ( 5.27 KB )

[ 流程 ]


[ 错误 ]


[ SQL ]


[ 调试 ]
提示:测试信息

[ 用户 ]


[ 2017-06-13T15:03:04+08:00 ] 127.0.0.1 /thinkphp/Home/Debug/trace_test
[ 基本 ]
请求信息:2017-06-13 15:03:04 HTTP/1.1 GET : /thinkphp/Home/Debug/trace_test
运行时间:0.0170s ( Load:0.0110s Init:0.0040s Exec:0.0020s Template:0.0000s )
吞吐率:58.82req/s
内存开销:701.98 kb
查询信息:0 queries 0 writes 
文件加载:12
缓存信息:0 gets 0 writes 
配置加载:131
会话信息:SESSION_ID=h178g8fcumrjrticu0a4nj8pk7

[ 文件 ]
H:\test_local\thinkphp\index.php ( 1.96 KB )
H:\test_local\thinkphp\ThinkPHP\ThinkPHP.php ( 4.71 KB )
H:\test_local\thinkphp\ThinkPHP\Library\Think\Think.class.php ( 12.32 KB )
H:\test_local\thinkphp\ThinkPHP\Library\Think\Storage.class.php ( 1.38 KB )
H:\test_local\thinkphp\ThinkPHP\Library\Think\Storage\Driver\File.class.php ( 3.56 KB )
H:\test_local\thinkphp\Application\Runtime\common~runtime.php ( 70.53 KB )
H:\test_local\thinkphp\Application\Common\Conf\user.php ( 0.37 KB )
H:\test_local\thinkphp\Application\Common\Conf\db.php ( 0.59 KB )
H:\test_local\thinkphp\Application\Home\Conf\config.php ( 2.59 KB )
H:\test_local\thinkphp\ThinkPHP\Library\Behavior\ReadHtmlCacheBehavior.class.php ( 5.62 KB )
H:\test_local\thinkphp\Application\Home\Controller\DebugController.class.php ( 1.46 KB )
H:\test_local\thinkphp\ThinkPHP\Library\Behavior\ShowPageTraceBehavior.class.php ( 5.27 KB )

[ 流程 ]


[ 错误 ]


[ SQL ]


[ 调试 ]
提示:测试信息

[ 用户 ]
用户信息:用户信息调试

[ 2017-06-13T15:03:36+08:00 ] 127.0.0.1 /thinkphp/Home/Debug/trace_test
[ 基本 ]
请求信息:2017-06-13 15:03:36 HTTP/1.1 GET : /thinkphp/Home/Debug/trace_test
运行时间:0.0140s ( Load:0.0100s Init:0.0030s Exec:0.0010s Template:0.0000s )
吞吐率:71.43req/s
内存开销:701.98 kb
查询信息:0 queries 0 writes 
文件加载:12
缓存信息:0 gets 0 writes 
配置加载:131
会话信息:SESSION_ID=h178g8fcumrjrticu0a4nj8pk7

[ 文件 ]
H:\test_local\thinkphp\index.php ( 1.96 KB )
H:\test_local\thinkphp\ThinkPHP\ThinkPHP.php ( 4.71 KB )
H:\test_local\thinkphp\ThinkPHP\Library\Think\Think.class.php ( 12.32 KB )
H:\test_local\thinkphp\ThinkPHP\Library\Think\Storage.class.php ( 1.38 KB )
H:\test_local\thinkphp\ThinkPHP\Library\Think\Storage\Driver\File.class.php ( 3.56 KB )
H:\test_local\thinkphp\Application\Runtime\common~runtime.php ( 70.53 KB )
H:\test_local\thinkphp\Application\Common\Conf\user.php ( 0.37 KB )
H:\test_local\thinkphp\Application\Common\Conf\db.php ( 0.59 KB )
H:\test_local\thinkphp\Application\Home\Conf\config.php ( 2.59 KB )
H:\test_local\thinkphp\ThinkPHP\Library\Behavior\ReadHtmlCacheBehavior.class.php ( 5.62 KB )
H:\test_local\thinkphp\Application\Home\Controller\DebugController.class.php ( 1.49 KB )
H:\test_local\thinkphp\ThinkPHP\Library\Behavior\ShowPageTraceBehavior.class.php ( 5.27 KB )

[ 流程 ]


[ 错误 ]


[ SQL ]


[ 调试 ]
提示:测试信息

[ 用户 ]
提示:用户信息调试

[ 2017-06-13T15:05:32+08:00 ] 127.0.0.1 /thinkphp/Home/Debug/trace_test
[ 基本 ]
请求信息:2017-06-13 15:05:32 HTTP/1.1 GET : /thinkphp/Home/Debug/trace_test
运行时间:0.0140s ( Load:0.0100s Init:0.0020s Exec:0.0020s Template:0.0000s )
吞吐率:71.43req/s
内存开销:702.73 kb
查询信息:0 queries 0 writes 
文件加载:12
缓存信息:0 gets 0 writes 
配置加载:131
会话信息:SESSION_ID=h178g8fcumrjrticu0a4nj8pk7

[ 文件 ]
H:\test_local\thinkphp\index.php ( 1.96 KB )
H:\test_local\thinkphp\ThinkPHP\ThinkPHP.php ( 4.71 KB )
H:\test_local\thinkphp\ThinkPHP\Library\Think\Think.class.php ( 12.32 KB )
H:\test_local\thinkphp\ThinkPHP\Library\Think\Storage.class.php ( 1.38 KB )
H:\test_local\thinkphp\ThinkPHP\Library\Think\Storage\Driver\File.class.php ( 3.56 KB )
H:\test_local\thinkphp\Application\Runtime\common~runtime.php ( 70.53 KB )
H:\test_local\thinkphp\Application\Common\Conf\user.php ( 0.37 KB )
H:\test_local\thinkphp\Application\Common\Conf\db.php ( 0.59 KB )
H:\test_local\thinkphp\Application\Home\Conf\config.php ( 2.59 KB )
H:\test_local\thinkphp\ThinkPHP\Library\Behavior\ReadHtmlCacheBehavior.class.php ( 5.62 KB )
H:\test_local\thinkphp\Application\Home\Controller\DebugController.class.php ( 1.58 KB )
H:\test_local\thinkphp\ThinkPHP\Library\Behavior\ShowPageTraceBehavior.class.php ( 5.27 KB )

[ 流程 ]


[ 错误 ]
错误:错误信息

[ SQL ]


[ 调试 ]
提示:测试信息

[ 用户 ]
提示:用户信息调试

[ 2017-06-13T15:05:55+08:00 ] 127.0.0.1 /thinkphp/Home/Debug/trace_test
[ 基本 ]
请求信息:2017-06-13 15:05:55 HTTP/1.1 GET : /thinkphp/Home/Debug/trace_test
运行时间:0.0180s ( Load:0.0110s Init:0.0040s Exec:0.0030s Template:0.0000s )
吞吐率:55.56req/s
内存开销:702.80 kb
查询信息:0 queries 0 writes 
文件加载:12
缓存信息:0 gets 0 writes 
配置加载:132
会话信息:SESSION_ID=h178g8fcumrjrticu0a4nj8pk7

[ 文件 ]
H:\test_local\thinkphp\index.php ( 1.96 KB )
H:\test_local\thinkphp\ThinkPHP\ThinkPHP.php ( 4.71 KB )
H:\test_local\thinkphp\ThinkPHP\Library\Think\Think.class.php ( 12.32 KB )
H:\test_local\thinkphp\ThinkPHP\Library\Think\Storage.class.php ( 1.38 KB )
H:\test_local\thinkphp\ThinkPHP\Library\Think\Storage\Driver\File.class.php ( 3.56 KB )
H:\test_local\thinkphp\Application\Runtime\common~runtime.php ( 70.53 KB )
H:\test_local\thinkphp\Application\Common\Conf\user.php ( 0.37 KB )
H:\test_local\thinkphp\Application\Common\Conf\db.php ( 0.59 KB )
H:\test_local\thinkphp\Application\Home\Conf\config.php ( 2.62 KB )
H:\test_local\thinkphp\ThinkPHP\Library\Behavior\ReadHtmlCacheBehavior.class.php ( 5.62 KB )
H:\test_local\thinkphp\Application\Home\Controller\DebugController.class.php ( 1.58 KB )
H:\test_local\thinkphp\ThinkPHP\Library\Behavior\ShowPageTraceBehavior.class.php ( 5.27 KB )

[ 流程 ]


[ 错误 ]
错误:错误信息

[ SQL ]


[ 调试 ]
提示:测试信息

[ 用户 ]
提示:用户信息调试

[ 2017-06-13T15:05:56+08:00 ] 127.0.0.1 /thinkphp/Home/Debug/trace_test
[ 基本 ]
请求信息:2017-06-13 15:05:56 HTTP/1.1 GET : /thinkphp/Home/Debug/trace_test
运行时间:0.0170s ( Load:0.0110s Init:0.0040s Exec:0.0020s Template:0.0000s )
吞吐率:58.82req/s
内存开销:702.80 kb
查询信息:0 queries 0 writes 
文件加载:12
缓存信息:0 gets 0 writes 
配置加载:132
会话信息:SESSION_ID=h178g8fcumrjrticu0a4nj8pk7

[ 文件 ]
H:\test_local\thinkphp\index.php ( 1.96 KB )
H:\test_local\thinkphp\ThinkPHP\ThinkPHP.php ( 4.71 KB )
H:\test_local\thinkphp\ThinkPHP\Library\Think\Think.class.php ( 12.32 KB )
H:\test_local\thinkphp\ThinkPHP\Library\Think\Storage.class.php ( 1.38 KB )
H:\test_local\thinkphp\ThinkPHP\Library\Think\Storage\Driver\File.class.php ( 3.56 KB )
H:\test_local\thinkphp\Application\Runtime\common~runtime.php ( 70.53 KB )
H:\test_local\thinkphp\Application\Common\Conf\user.php ( 0.37 KB )
H:\test_local\thinkphp\Application\Common\Conf\db.php ( 0.59 KB )
H:\test_local\thinkphp\Application\Home\Conf\config.php ( 2.62 KB )
H:\test_local\thinkphp\ThinkPHP\Library\Behavior\ReadHtmlCacheBehavior.class.php ( 5.62 KB )
H:\test_local\thinkphp\Application\Home\Controller\DebugController.class.php ( 1.58 KB )
H:\test_local\thinkphp\ThinkPHP\Library\Behavior\ShowPageTraceBehavior.class.php ( 5.27 KB )

[ 流程 ]


[ 错误 ]
错误:错误信息

[ SQL ]


[ 调试 ]
提示:测试信息

[ 用户 ]
提示:用户信息调试

[ 2017-06-13T15:05:56+08:00 ] 127.0.0.1 /thinkphp/Home/Debug/trace_test
[ 基本 ]
请求信息:2017-06-13 15:05:56 HTTP/1.1 GET : /thinkphp/Home/Debug/trace_test
运行时间:0.0170s ( Load:0.0140s Init:0.0020s Exec:0.0010s Template:0.0000s )
吞吐率:58.82req/s
内存开销:702.80 kb
查询信息:0 queries 0 writes 
文件加载:12
缓存信息:0 gets 0 writes 
配置加载:132
会话信息:SESSION_ID=h178g8fcumrjrticu0a4nj8pk7

[ 文件 ]
H:\test_local\thinkphp\index.php ( 1.96 KB )
H:\test_local\thinkphp\ThinkPHP\ThinkPHP.php ( 4.71 KB )
H:\test_local\thinkphp\ThinkPHP\Library\Think\Think.class.php ( 12.32 KB )
H:\test_local\thinkphp\ThinkPHP\Library\Think\Storage.class.php ( 1.38 KB )
H:\test_local\thinkphp\ThinkPHP\Library\Think\Storage\Driver\File.class.php ( 3.56 KB )
H:\test_local\thinkphp\Application\Runtime\common~runtime.php ( 70.53 KB )
H:\test_local\thinkphp\Application\Common\Conf\user.php ( 0.37 KB )
H:\test_local\thinkphp\Application\Common\Conf\db.php ( 0.59 KB )
H:\test_local\thinkphp\Application\Home\Conf\config.php ( 2.62 KB )
H:\test_local\thinkphp\ThinkPHP\Library\Behavior\ReadHtmlCacheBehavior.class.php ( 5.62 KB )
H:\test_local\thinkphp\Application\Home\Controller\DebugController.class.php ( 1.58 KB )
H:\test_local\thinkphp\ThinkPHP\Library\Behavior\ShowPageTraceBehavior.class.php ( 5.27 KB )

[ 流程 ]


[ 错误 ]
错误:错误信息

[ SQL ]


[ 调试 ]
提示:测试信息

[ 用户 ]
提示:用户信息调试

[ 2017-06-13T15:05:56+08:00 ] 127.0.0.1 /thinkphp/Home/Debug/trace_test
[ 基本 ]
请求信息:2017-06-13 15:05:56 HTTP/1.1 GET : /thinkphp/Home/Debug/trace_test
运行时间:0.0240s ( Load:0.0170s Init:0.0050s Exec:0.0020s Template:0.0000s )
吞吐率:41.67req/s
内存开销:702.80 kb
查询信息:0 queries 0 writes 
文件加载:12
缓存信息:0 gets 0 writes 
配置加载:132
会话信息:SESSION_ID=h178g8fcumrjrticu0a4nj8pk7

[ 文件 ]
H:\test_local\thinkphp\index.php ( 1.96 KB )
H:\test_local\thinkphp\ThinkPHP\ThinkPHP.php ( 4.71 KB )
H:\test_local\thinkphp\ThinkPHP\Library\Think\Think.class.php ( 12.32 KB )
H:\test_local\thinkphp\ThinkPHP\Library\Think\Storage.class.php ( 1.38 KB )
H:\test_local\thinkphp\ThinkPHP\Library\Think\Storage\Driver\File.class.php ( 3.56 KB )
H:\test_local\thinkphp\Application\Runtime\common~runtime.php ( 70.53 KB )
H:\test_local\thinkphp\Application\Common\Conf\user.php ( 0.37 KB )
H:\test_local\thinkphp\Application\Common\Conf\db.php ( 0.59 KB )
H:\test_local\thinkphp\Application\Home\Conf\config.php ( 2.62 KB )
H:\test_local\thinkphp\ThinkPHP\Library\Behavior\ReadHtmlCacheBehavior.class.php ( 5.62 KB )
H:\test_local\thinkphp\Application\Home\Controller\DebugController.class.php ( 1.58 KB )
H:\test_local\thinkphp\ThinkPHP\Library\Behavior\ShowPageTraceBehavior.class.php ( 5.27 KB )

[ 流程 ]


[ 错误 ]
错误:错误信息

[ SQL ]


[ 调试 ]
提示:测试信息

[ 用户 ]
提示:用户信息调试

[ 2017-06-13T15:07:04+08:00 ] 127.0.0.1 /thinkphp/Home/Debug/trace_test
[ 基本 ]
请求信息:2017-06-13 15:07:04 HTTP/1.1 GET : /thinkphp/Home/Debug/trace_test
运行时间:0.0160s ( Load:0.0100s Init:0.0040s Exec:0.0020s Template:0.0000s )
吞吐率:62.50req/s
内存开销:702.80 kb
查询信息:0 queries 0 writes 
文件加载:12
缓存信息:0 gets 0 writes 
配置加载:132
会话信息:SESSION_ID=h178g8fcumrjrticu0a4nj8pk7

[ 文件 ]
H:\test_local\thinkphp\index.php ( 1.96 KB )
H:\test_local\thinkphp\ThinkPHP\ThinkPHP.php ( 4.71 KB )
H:\test_local\thinkphp\ThinkPHP\Library\Think\Think.class.php ( 12.32 KB )
H:\test_local\thinkphp\ThinkPHP\Library\Think\Storage.class.php ( 1.38 KB )
H:\test_local\thinkphp\ThinkPHP\Library\Think\Storage\Driver\File.class.php ( 3.56 KB )
H:\test_local\thinkphp\Application\Runtime\common~runtime.php ( 70.53 KB )
H:\test_local\thinkphp\Application\Common\Conf\user.php ( 0.37 KB )
H:\test_local\thinkphp\Application\Common\Conf\db.php ( 0.59 KB )
H:\test_local\thinkphp\Application\Home\Conf\config.php ( 2.62 KB )
H:\test_local\thinkphp\ThinkPHP\Library\Behavior\ReadHtmlCacheBehavior.class.php ( 5.62 KB )
H:\test_local\thinkphp\Application\Home\Controller\DebugController.class.php ( 1.58 KB )
H:\test_local\thinkphp\ThinkPHP\Library\Behavior\ShowPageTraceBehavior.class.php ( 5.27 KB )

[ 流程 ]


[ 错误 ]


[ SQL ]


[ 调试 ]
提示:测试信息

[ 用户 ]
提示:用户信息调试

[ 2017-06-13T15:07:05+08:00 ] 127.0.0.1 /thinkphp/Home/Debug/trace_test
[ 基本 ]
请求信息:2017-06-13 15:07:05 HTTP/1.1 GET : /thinkphp/Home/Debug/trace_test
运行时间:0.0230s ( Load:0.0180s Init:0.0030s Exec:0.0020s Template:0.0000s )
吞吐率:43.48req/s
内存开销:702.80 kb
查询信息:0 queries 0 writes 
文件加载:12
缓存信息:0 gets 0 writes 
配置加载:132
会话信息:SESSION_ID=h178g8fcumrjrticu0a4nj8pk7

[ 文件 ]
H:\test_local\thinkphp\index.php ( 1.96 KB )
H:\test_local\thinkphp\ThinkPHP\ThinkPHP.php ( 4.71 KB )
H:\test_local\thinkphp\ThinkPHP\Library\Think\Think.class.php ( 12.32 KB )
H:\test_local\thinkphp\ThinkPHP\Library\Think\Storage.class.php ( 1.38 KB )
H:\test_local\thinkphp\ThinkPHP\Library\Think\Storage\Driver\File.class.php ( 3.56 KB )
H:\test_local\thinkphp\Application\Runtime\common~runtime.php ( 70.53 KB )
H:\test_local\thinkphp\Application\Common\Conf\user.php ( 0.37 KB )
H:\test_local\thinkphp\Application\Common\Conf\db.php ( 0.59 KB )
H:\test_local\thinkphp\Application\Home\Conf\config.php ( 2.62 KB )
H:\test_local\thinkphp\ThinkPHP\Library\Behavior\ReadHtmlCacheBehavior.class.php ( 5.62 KB )
H:\test_local\thinkphp\Application\Home\Controller\DebugController.class.php ( 1.58 KB )
H:\test_local\thinkphp\ThinkPHP\Library\Behavior\ShowPageTraceBehavior.class.php ( 5.27 KB )

[ 流程 ]


[ 错误 ]


[ SQL ]


[ 调试 ]
提示:测试信息

[ 用户 ]
提示:用户信息调试

[ 2017-06-13T15:07:06+08:00 ] 127.0.0.1 /thinkphp/Home/Debug/trace_test
[ 基本 ]
请求信息:2017-06-13 15:07:06 HTTP/1.1 GET : /thinkphp/Home/Debug/trace_test
运行时间:0.0150s ( Load:0.0120s Init:0.0020s Exec:0.0010s Template:0.0000s )
吞吐率:66.67req/s
内存开销:702.80 kb
查询信息:0 queries 0 writes 
文件加载:12
缓存信息:0 gets 0 writes 
配置加载:132
会话信息:SESSION_ID=h178g8fcumrjrticu0a4nj8pk7

[ 文件 ]
H:\test_local\thinkphp\index.php ( 1.96 KB )
H:\test_local\thinkphp\ThinkPHP\ThinkPHP.php ( 4.71 KB )
H:\test_local\thinkphp\ThinkPHP\Library\Think\Think.class.php ( 12.32 KB )
H:\test_local\thinkphp\ThinkPHP\Library\Think\Storage.class.php ( 1.38 KB )
H:\test_local\thinkphp\ThinkPHP\Library\Think\Storage\Driver\File.class.php ( 3.56 KB )
H:\test_local\thinkphp\Application\Runtime\common~runtime.php ( 70.53 KB )
H:\test_local\thinkphp\Application\Common\Conf\user.php ( 0.37 KB )
H:\test_local\thinkphp\Application\Common\Conf\db.php ( 0.59 KB )
H:\test_local\thinkphp\Application\Home\Conf\config.php ( 2.62 KB )
H:\test_local\thinkphp\ThinkPHP\Library\Behavior\ReadHtmlCacheBehavior.class.php ( 5.62 KB )
H:\test_local\thinkphp\Application\Home\Controller\DebugController.class.php ( 1.58 KB )
H:\test_local\thinkphp\ThinkPHP\Library\Behavior\ShowPageTraceBehavior.class.php ( 5.27 KB )

[ 流程 ]


[ 错误 ]


[ SQL ]


[ 调试 ]
提示:测试信息

[ 用户 ]
提示:用户信息调试

[ 2017-06-13T15:07:07+08:00 ] 127.0.0.1 /thinkphp/Home/Debug/trace_test
[ 基本 ]
请求信息:2017-06-13 15:07:07 HTTP/1.1 GET : /thinkphp/Home/Debug/trace_test
运行时间:0.0090s ( Load:0.0060s Init:0.0020s Exec:0.0010s Template:0.0000s )
吞吐率:111.11req/s
内存开销:702.80 kb
查询信息:0 queries 0 writes 
文件加载:12
缓存信息:0 gets 0 writes 
配置加载:132
会话信息:SESSION_ID=h178g8fcumrjrticu0a4nj8pk7

[ 文件 ]
H:\test_local\thinkphp\index.php ( 1.96 KB )
H:\test_local\thinkphp\ThinkPHP\ThinkPHP.php ( 4.71 KB )
H:\test_local\thinkphp\ThinkPHP\Library\Think\Think.class.php ( 12.32 KB )
H:\test_local\thinkphp\ThinkPHP\Library\Think\Storage.class.php ( 1.38 KB )
H:\test_local\thinkphp\ThinkPHP\Library\Think\Storage\Driver\File.class.php ( 3.56 KB )
H:\test_local\thinkphp\Application\Runtime\common~runtime.php ( 70.53 KB )
H:\test_local\thinkphp\Application\Common\Conf\user.php ( 0.37 KB )
H:\test_local\thinkphp\Application\Common\Conf\db.php ( 0.59 KB )
H:\test_local\thinkphp\Application\Home\Conf\config.php ( 2.62 KB )
H:\test_local\thinkphp\ThinkPHP\Library\Behavior\ReadHtmlCacheBehavior.class.php ( 5.62 KB )
H:\test_local\thinkphp\Application\Home\Controller\DebugController.class.php ( 1.58 KB )
H:\test_local\thinkphp\ThinkPHP\Library\Behavior\ShowPageTraceBehavior.class.php ( 5.27 KB )

[ 流程 ]


[ 错误 ]


[ SQL ]


[ 调试 ]
提示:测试信息

[ 用户 ]
提示:用户信息调试

[ 2017-06-13T15:07:08+08:00 ] 127.0.0.1 /thinkphp/Home/Debug/trace_test
[ 基本 ]
请求信息:2017-06-13 15:07:08 HTTP/1.1 GET : /thinkphp/Home/Debug/trace_test
运行时间:0.0250s ( Load:0.0190s Init:0.0040s Exec:0.0020s Template:0.0000s )
吞吐率:40.00req/s
内存开销:702.80 kb
查询信息:0 queries 0 writes 
文件加载:12
缓存信息:0 gets 0 writes 
配置加载:132
会话信息:SESSION_ID=h178g8fcumrjrticu0a4nj8pk7

[ 文件 ]
H:\test_local\thinkphp\index.php ( 1.96 KB )
H:\test_local\thinkphp\ThinkPHP\ThinkPHP.php ( 4.71 KB )
H:\test_local\thinkphp\ThinkPHP\Library\Think\Think.class.php ( 12.32 KB )
H:\test_local\thinkphp\ThinkPHP\Library\Think\Storage.class.php ( 1.38 KB )
H:\test_local\thinkphp\ThinkPHP\Library\Think\Storage\Driver\File.class.php ( 3.56 KB )
H:\test_local\thinkphp\Application\Runtime\common~runtime.php ( 70.53 KB )
H:\test_local\thinkphp\Application\Common\Conf\user.php ( 0.37 KB )
H:\test_local\thinkphp\Application\Common\Conf\db.php ( 0.59 KB )
H:\test_local\thinkphp\Application\Home\Conf\config.php ( 2.62 KB )
H:\test_local\thinkphp\ThinkPHP\Library\Behavior\ReadHtmlCacheBehavior.class.php ( 5.62 KB )
H:\test_local\thinkphp\Application\Home\Controller\DebugController.class.php ( 1.58 KB )
H:\test_local\thinkphp\ThinkPHP\Library\Behavior\ShowPageTraceBehavior.class.php ( 5.27 KB )

[ 流程 ]


[ 错误 ]


[ SQL ]


[ 调试 ]
提示:测试信息

[ 用户 ]
提示:用户信息调试

[ 2017-06-13T15:07:27+08:00 ] 127.0.0.1 /thinkphp/Home/Debug/trace_test
[ 基本 ]
请求信息:2017-06-13 15:07:27 HTTP/1.1 GET : /thinkphp/Home/Debug/trace_test
运行时间:0.0160s ( Load:0.0110s Init:0.0040s Exec:0.0010s Template:0.0000s )
吞吐率:62.50req/s
内存开销:702.80 kb
查询信息:0 queries 0 writes 
文件加载:12
缓存信息:0 gets 0 writes 
配置加载:132
会话信息:SESSION_ID=h178g8fcumrjrticu0a4nj8pk7

[ 文件 ]
H:\test_local\thinkphp\index.php ( 1.96 KB )
H:\test_local\thinkphp\ThinkPHP\ThinkPHP.php ( 4.71 KB )
H:\test_local\thinkphp\ThinkPHP\Library\Think\Think.class.php ( 12.32 KB )
H:\test_local\thinkphp\ThinkPHP\Library\Think\Storage.class.php ( 1.38 KB )
H:\test_local\thinkphp\ThinkPHP\Library\Think\Storage\Driver\File.class.php ( 3.56 KB )
H:\test_local\thinkphp\Application\Runtime\common~runtime.php ( 70.53 KB )
H:\test_local\thinkphp\Application\Common\Conf\user.php ( 0.37 KB )
H:\test_local\thinkphp\Application\Common\Conf\db.php ( 0.59 KB )
H:\test_local\thinkphp\Application\Home\Conf\config.php ( 2.62 KB )
H:\test_local\thinkphp\ThinkPHP\Library\Behavior\ReadHtmlCacheBehavior.class.php ( 5.62 KB )
H:\test_local\thinkphp\Application\Home\Controller\DebugController.class.php ( 1.58 KB )
H:\test_local\thinkphp\ThinkPHP\Library\Behavior\ShowPageTraceBehavior.class.php ( 5.27 KB )

[ 流程 ]


[ 错误 ]
错误:错误信息

[ SQL ]


[ 调试 ]
提示:测试信息

[ 用户 ]
提示:用户信息调试

[ 2017-06-13T15:09:07+08:00 ] 127.0.0.1 /thinkphp/Home/Debug/log_test
[ 基本 ]
请求信息:2017-06-13 15:09:07 HTTP/1.1 GET : /thinkphp/Home/Debug/log_test
运行时间:0.0180s ( Load:0.0140s Init:0.0020s Exec:0.0020s Template:0.0000s )
吞吐率:55.56req/s
内存开销:726.76 kb
查询信息:0 queries 0 writes 
文件加载:14
缓存信息:0 gets 0 writes 
配置加载:132
会话信息:SESSION_ID=h178g8fcumrjrticu0a4nj8pk7

[ 文件 ]
H:\test_local\thinkphp\index.php ( 1.96 KB )
H:\test_local\thinkphp\ThinkPHP\ThinkPHP.php ( 4.71 KB )
H:\test_local\thinkphp\ThinkPHP\Library\Think\Think.class.php ( 12.32 KB )
H:\test_local\thinkphp\ThinkPHP\Library\Think\Storage.class.php ( 1.38 KB )
H:\test_local\thinkphp\ThinkPHP\Library\Think\Storage\Driver\File.class.php ( 3.56 KB )
H:\test_local\thinkphp\Application\Runtime\common~runtime.php ( 70.53 KB )
H:\test_local\thinkphp\Application\Common\Conf\user.php ( 0.37 KB )
H:\test_local\thinkphp\Application\Common\Conf\db.php ( 0.59 KB )
H:\test_local\thinkphp\Application\Home\Conf\config.php ( 2.62 KB )
H:\test_local\thinkphp\ThinkPHP\Library\Behavior\ReadHtmlCacheBehavior.class.php ( 5.62 KB )
H:\test_local\thinkphp\Application\Home\Controller\DebugController.class.php ( 1.83 KB )
H:\test_local\thinkphp\ThinkPHP\Library\Think\Log.class.php ( 3.97 KB )
H:\test_local\thinkphp\ThinkPHP\Library\Think\Log\Driver\File.class.php ( 1.93 KB )
H:\test_local\thinkphp\ThinkPHP\Library\Behavior\ShowPageTraceBehavior.class.php ( 5.27 KB )

[ 流程 ]


[ 错误 ]


[ SQL ]


[ 调试 ]


[ 用户 ]


[ 2017-06-13T15:09:09+08:00 ] 127.0.0.1 /thinkphp/Home/Debug/log_test
[ 基本 ]
请求信息:2017-06-13 15:09:09 HTTP/1.1 GET : /thinkphp/Home/Debug/log_test
运行时间:0.0210s ( Load:0.0160s Init:0.0030s Exec:0.0020s Template:0.0000s )
吞吐率:47.62req/s
内存开销:726.85 kb
查询信息:0 queries 0 writes 
文件加载:14
缓存信息:0 gets 0 writes 
配置加载:132
会话信息:SESSION_ID=h178g8fcumrjrticu0a4nj8pk7

[ 文件 ]
H:\test_local\thinkphp\index.php ( 1.96 KB )
H:\test_local\thinkphp\ThinkPHP\ThinkPHP.php ( 4.71 KB )
H:\test_local\thinkphp\ThinkPHP\Library\Think\Think.class.php ( 12.32 KB )
H:\test_local\thinkphp\ThinkPHP\Library\Think\Storage.class.php ( 1.38 KB )
H:\test_local\thinkphp\ThinkPHP\Library\Think\Storage\Driver\File.class.php ( 3.56 KB )
H:\test_local\thinkphp\Application\Runtime\common~runtime.php ( 70.53 KB )
H:\test_local\thinkphp\Application\Common\Conf\user.php ( 0.37 KB )
H:\test_local\thinkphp\Application\Common\Conf\db.php ( 0.59 KB )
H:\test_local\thinkphp\Application\Home\Conf\config.php ( 2.62 KB )
H:\test_local\thinkphp\ThinkPHP\Library\Behavior\ReadHtmlCacheBehavior.class.php ( 5.62 KB )
H:\test_local\thinkphp\Application\Home\Controller\DebugController.class.php ( 1.83 KB )
H:\test_local\thinkphp\ThinkPHP\Library\Think\Log.class.php ( 3.97 KB )
H:\test_local\thinkphp\ThinkPHP\Library\Think\Log\Driver\File.class.php ( 1.93 KB )
H:\test_local\thinkphp\ThinkPHP\Library\Behavior\ShowPageTraceBehavior.class.php ( 5.27 KB )

[ 流程 ]


[ 错误 ]


[ SQL ]


[ 调试 ]


[ 用户 ]


[ 2017-06-13T15:09:15+08:00 ] 127.0.0.1 /thinkphp/Home/Debug/trace_test
[ 基本 ]
请求信息:2017-06-13 15:09:15 HTTP/1.1 GET : /thinkphp/Home/Debug/trace_test
运行时间:0.0200s ( Load:0.0070s Init:0.0010s Exec:0.0120s Template:0.0000s )
吞吐率:50.00req/s
内存开销:1,281.55 kb
查询信息:2 queries 0 writes 
文件加载:16
缓存信息:0 gets 0 writes 
配置加载:132
会话信息:SESSION_ID=h178g8fcumrjrticu0a4nj8pk7

[ 文件 ]
H:\test_local\thinkphp\index.php ( 1.96 KB )
H:\test_local\thinkphp\ThinkPHP\ThinkPHP.php ( 4.71 KB )
H:\test_local\thinkphp\ThinkPHP\Library\Think\Think.class.php ( 12.32 KB )
H:\test_local\thinkphp\ThinkPHP\Library\Think\Storage.class.php ( 1.38 KB )
H:\test_local\thinkphp\ThinkPHP\Library\Think\Storage\Driver\File.class.php ( 3.56 KB )
H:\test_local\thinkphp\Application\Runtime\common~runtime.php ( 70.53 KB )
H:\test_local\thinkphp\Application\Common\Conf\user.php ( 0.37 KB )
H:\test_local\thinkphp\Application\Common\Conf\db.php ( 0.59 KB )
H:\test_local\thinkphp\Application\Home\Conf\config.php ( 2.62 KB )
H:\test_local\thinkphp\ThinkPHP\Library\Behavior\ReadHtmlCacheBehavior.class.php ( 5.62 KB )
H:\test_local\thinkphp\Application\Home\Controller\DebugController.class.php ( 1.83 KB )
H:\test_local\thinkphp\ThinkPHP\Library\Think\Model.class.php ( 67.27 KB )
H:\test_local\thinkphp\ThinkPHP\Library\Think\Db.class.php ( 5.70 KB )
H:\test_local\thinkphp\ThinkPHP\Library\Think\Db\Driver\Mysql.class.php ( 8.73 KB )
H:\test_local\thinkphp\ThinkPHP\Library\Think\Db\Driver.class.php ( 41.60 KB )
H:\test_local\thinkphp\ThinkPHP\Library\Behavior\ShowPageTraceBehavior.class.php ( 5.27 KB )

[ 流程 ]


[ 错误 ]
错误:错误信息

[ SQL ]
SHOW COLUMNS FROM `goods_type` [ RunTime:0.0020s ]
SELECT * FROM `goods_type` LIMIT 1   [ RunTime:0.0000s ]

[ 调试 ]
提示:测试信息
create vo:
find vo:Array
(
    [goods_type_id] => 1
    [goods_type_name] => 家具
)


[ 用户 ]
提示:用户信息调试

[ 2017-06-13T15:09:33+08:00 ] 127.0.0.1 /thinkphp/Home/Debug/trace_test
[ 基本 ]
请求信息:2017-06-13 15:09:33 HTTP/1.1 GET : /thinkphp/Home/Debug/trace_test
运行时间:0.0390s ( Load:0.0140s Init:0.0030s Exec:0.0220s Template:0.0000s )
吞吐率:25.64req/s
内存开销:1,280.68 kb
查询信息:1 queries 0 writes 
文件加载:16
缓存信息:0 gets 0 writes 
配置加载:132
会话信息:SESSION_ID=h178g8fcumrjrticu0a4nj8pk7

[ 文件 ]
H:\test_local\thinkphp\index.php ( 1.96 KB )
H:\test_local\thinkphp\ThinkPHP\ThinkPHP.php ( 4.71 KB )
H:\test_local\thinkphp\ThinkPHP\Library\Think\Think.class.php ( 12.32 KB )
H:\test_local\thinkphp\ThinkPHP\Library\Think\Storage.class.php ( 1.38 KB )
H:\test_local\thinkphp\ThinkPHP\Library\Think\Storage\Driver\File.class.php ( 3.56 KB )
H:\test_local\thinkphp\Application\Runtime\common~runtime.php ( 70.53 KB )
H:\test_local\thinkphp\Application\Common\Conf\user.php ( 0.37 KB )
H:\test_local\thinkphp\Application\Common\Conf\db.php ( 0.59 KB )
H:\test_local\thinkphp\Application\Home\Conf\config.php ( 2.62 KB )
H:\test_local\thinkphp\ThinkPHP\Library\Behavior\ReadHtmlCacheBehavior.class.php ( 5.62 KB )
H:\test_local\thinkphp\Application\Home\Controller\DebugController.class.php ( 1.84 KB )
H:\test_local\thinkphp\ThinkPHP\Library\Think\Model.class.php ( 67.27 KB )
H:\test_local\thinkphp\ThinkPHP\Library\Think\Db.class.php ( 5.70 KB )
H:\test_local\thinkphp\ThinkPHP\Library\Think\Db\Driver\Mysql.class.php ( 8.73 KB )
H:\test_local\thinkphp\ThinkPHP\Library\Think\Db\Driver.class.php ( 41.60 KB )
H:\test_local\thinkphp\ThinkPHP\Library\Behavior\ShowPageTraceBehavior.class.php ( 5.27 KB )

[ 流程 ]


[ 错误 ]
错误:错误信息

[ SQL ]
SELECT * FROM `goods_type` LIMIT 1   [ RunTime:0.0000s ]

[ 调试 ]
提示:测试信息
find vo:Array
(
    [goods_type_id] => 1
    [goods_type_name] => 家具
)


[ 用户 ]
提示:用户信息调试

[ 2017-06-13T15:09:40+08:00 ] 127.0.0.1 /thinkphp/Home/Debug/trace_test
[ 基本 ]
请求信息:2017-06-13 15:09:40 HTTP/1.1 GET : /thinkphp/Home/Debug/trace_test
运行时间:0.0280s ( Load:0.0170s Init:0.0030s Exec:0.0080s Template:0.0000s )
吞吐率:35.71req/s
内存开销:1,281.10 kb
查询信息:1 queries 0 writes 
文件加载:16
缓存信息:0 gets 0 writes 
配置加载:132
会话信息:SESSION_ID=h178g8fcumrjrticu0a4nj8pk7

[ 文件 ]
H:\test_local\thinkphp\index.php ( 1.96 KB )
H:\test_local\thinkphp\ThinkPHP\ThinkPHP.php ( 4.71 KB )
H:\test_local\thinkphp\ThinkPHP\Library\Think\Think.class.php ( 12.32 KB )
H:\test_local\thinkphp\ThinkPHP\Library\Think\Storage.class.php ( 1.38 KB )
H:\test_local\thinkphp\ThinkPHP\Library\Think\Storage\Driver\File.class.php ( 3.56 KB )
H:\test_local\thinkphp\Application\Runtime\common~runtime.php ( 70.53 KB )
H:\test_local\thinkphp\Application\Common\Conf\user.php ( 0.37 KB )
H:\test_local\thinkphp\Application\Common\Conf\db.php ( 0.59 KB )
H:\test_local\thinkphp\Application\Home\Conf\config.php ( 2.62 KB )
H:\test_local\thinkphp\ThinkPHP\Library\Behavior\ReadHtmlCacheBehavior.class.php ( 5.62 KB )
H:\test_local\thinkphp\Application\Home\Controller\DebugController.class.php ( 1.83 KB )
H:\test_local\thinkphp\ThinkPHP\Library\Think\Model.class.php ( 67.27 KB )
H:\test_local\thinkphp\ThinkPHP\Library\Think\Db.class.php ( 5.70 KB )
H:\test_local\thinkphp\ThinkPHP\Library\Think\Db\Driver\Mysql.class.php ( 8.73 KB )
H:\test_local\thinkphp\ThinkPHP\Library\Think\Db\Driver.class.php ( 41.60 KB )
H:\test_local\thinkphp\ThinkPHP\Library\Behavior\ShowPageTraceBehavior.class.php ( 5.27 KB )

[ 流程 ]


[ 错误 ]
错误:错误信息

[ SQL ]
SELECT * FROM `goods_type` LIMIT 1   [ RunTime:0.0010s ]

[ 调试 ]
提示:测试信息
create vo:
find vo:Array
(
    [goods_type_id] => 1
    [goods_type_name] => 家具
)


[ 用户 ]
提示:用户信息调试

[ 2017-06-13T15:09:41+08:00 ] 127.0.0.1 /thinkphp/Home/Debug/trace_test
[ 基本 ]
请求信息:2017-06-13 15:09:41 HTTP/1.1 GET : /thinkphp/Home/Debug/trace_test
运行时间:0.0330s ( Load:0.0140s Init:0.0040s Exec:0.0150s Template:0.0000s )
吞吐率:30.30req/s
内存开销:1,281.10 kb
查询信息:1 queries 0 writes 
文件加载:16
缓存信息:0 gets 0 writes 
配置加载:132
会话信息:SESSION_ID=h178g8fcumrjrticu0a4nj8pk7

[ 文件 ]
H:\test_local\thinkphp\index.php ( 1.96 KB )
H:\test_local\thinkphp\ThinkPHP\ThinkPHP.php ( 4.71 KB )
H:\test_local\thinkphp\ThinkPHP\Library\Think\Think.class.php ( 12.32 KB )
H:\test_local\thinkphp\ThinkPHP\Library\Think\Storage.class.php ( 1.38 KB )
H:\test_local\thinkphp\ThinkPHP\Library\Think\Storage\Driver\File.class.php ( 3.56 KB )
H:\test_local\thinkphp\Application\Runtime\common~runtime.php ( 70.53 KB )
H:\test_local\thinkphp\Application\Common\Conf\user.php ( 0.37 KB )
H:\test_local\thinkphp\Application\Common\Conf\db.php ( 0.59 KB )
H:\test_local\thinkphp\Application\Home\Conf\config.php ( 2.62 KB )
H:\test_local\thinkphp\ThinkPHP\Library\Behavior\ReadHtmlCacheBehavior.class.php ( 5.62 KB )
H:\test_local\thinkphp\Application\Home\Controller\DebugController.class.php ( 1.83 KB )
H:\test_local\thinkphp\ThinkPHP\Library\Think\Model.class.php ( 67.27 KB )
H:\test_local\thinkphp\ThinkPHP\Library\Think\Db.class.php ( 5.70 KB )
H:\test_local\thinkphp\ThinkPHP\Library\Think\Db\Driver\Mysql.class.php ( 8.73 KB )
H:\test_local\thinkphp\ThinkPHP\Library\Think\Db\Driver.class.php ( 41.60 KB )
H:\test_local\thinkphp\ThinkPHP\Library\Behavior\ShowPageTraceBehavior.class.php ( 5.27 KB )

[ 流程 ]


[ 错误 ]
错误:错误信息

[ SQL ]
SELECT * FROM `goods_type` LIMIT 1   [ RunTime:0.0000s ]

[ 调试 ]
提示:测试信息
create vo:
find vo:Array
(
    [goods_type_id] => 1
    [goods_type_name] => 家具
)


[ 用户 ]
提示:用户信息调试

[ 2017-06-13T15:09:42+08:00 ] 127.0.0.1 /thinkphp/Home/Debug/trace_test
[ 基本 ]
请求信息:2017-06-13 15:09:42 HTTP/1.1 GET : /thinkphp/Home/Debug/trace_test
运行时间:0.0360s ( Load:0.0110s Init:0.0020s Exec:0.0230s Template:0.0000s )
吞吐率:27.78req/s
内存开销:1,281.10 kb
查询信息:1 queries 0 writes 
文件加载:16
缓存信息:0 gets 0 writes 
配置加载:132
会话信息:SESSION_ID=h178g8fcumrjrticu0a4nj8pk7

[ 文件 ]
H:\test_local\thinkphp\index.php ( 1.96 KB )
H:\test_local\thinkphp\ThinkPHP\ThinkPHP.php ( 4.71 KB )
H:\test_local\thinkphp\ThinkPHP\Library\Think\Think.class.php ( 12.32 KB )
H:\test_local\thinkphp\ThinkPHP\Library\Think\Storage.class.php ( 1.38 KB )
H:\test_local\thinkphp\ThinkPHP\Library\Think\Storage\Driver\File.class.php ( 3.56 KB )
H:\test_local\thinkphp\Application\Runtime\common~runtime.php ( 70.53 KB )
H:\test_local\thinkphp\Application\Common\Conf\user.php ( 0.37 KB )
H:\test_local\thinkphp\Application\Common\Conf\db.php ( 0.59 KB )
H:\test_local\thinkphp\Application\Home\Conf\config.php ( 2.62 KB )
H:\test_local\thinkphp\ThinkPHP\Library\Behavior\ReadHtmlCacheBehavior.class.php ( 5.62 KB )
H:\test_local\thinkphp\Application\Home\Controller\DebugController.class.php ( 1.83 KB )
H:\test_local\thinkphp\ThinkPHP\Library\Think\Model.class.php ( 67.27 KB )
H:\test_local\thinkphp\ThinkPHP\Library\Think\Db.class.php ( 5.70 KB )
H:\test_local\thinkphp\ThinkPHP\Library\Think\Db\Driver\Mysql.class.php ( 8.73 KB )
H:\test_local\thinkphp\ThinkPHP\Library\Think\Db\Driver.class.php ( 41.60 KB )
H:\test_local\thinkphp\ThinkPHP\Library\Behavior\ShowPageTraceBehavior.class.php ( 5.27 KB )

[ 流程 ]


[ 错误 ]
错误:错误信息

[ SQL ]
SELECT * FROM `goods_type` LIMIT 1   [ RunTime:0.0000s ]

[ 调试 ]
提示:测试信息
create vo:
find vo:Array
(
    [goods_type_id] => 1
    [goods_type_name] => 家具
)


[ 用户 ]
提示:用户信息调试

[ 2017-06-13T15:09:43+08:00 ] 127.0.0.1 /thinkphp/Home/Debug/trace_test
[ 基本 ]
请求信息:2017-06-13 15:09:43 HTTP/1.1 GET : /thinkphp/Home/Debug/trace_test
运行时间:0.0370s ( Load:0.0100s Init:0.0030s Exec:0.0240s Template:0.0000s )
吞吐率:27.03req/s
内存开销:1,281.10 kb
查询信息:1 queries 0 writes 
文件加载:16
缓存信息:0 gets 0 writes 
配置加载:132
会话信息:SESSION_ID=h178g8fcumrjrticu0a4nj8pk7

[ 文件 ]
H:\test_local\thinkphp\index.php ( 1.96 KB )
H:\test_local\thinkphp\ThinkPHP\ThinkPHP.php ( 4.71 KB )
H:\test_local\thinkphp\ThinkPHP\Library\Think\Think.class.php ( 12.32 KB )
H:\test_local\thinkphp\ThinkPHP\Library\Think\Storage.class.php ( 1.38 KB )
H:\test_local\thinkphp\ThinkPHP\Library\Think\Storage\Driver\File.class.php ( 3.56 KB )
H:\test_local\thinkphp\Application\Runtime\common~runtime.php ( 70.53 KB )
H:\test_local\thinkphp\Application\Common\Conf\user.php ( 0.37 KB )
H:\test_local\thinkphp\Application\Common\Conf\db.php ( 0.59 KB )
H:\test_local\thinkphp\Application\Home\Conf\config.php ( 2.62 KB )
H:\test_local\thinkphp\ThinkPHP\Library\Behavior\ReadHtmlCacheBehavior.class.php ( 5.62 KB )
H:\test_local\thinkphp\Application\Home\Controller\DebugController.class.php ( 1.83 KB )
H:\test_local\thinkphp\ThinkPHP\Library\Think\Model.class.php ( 67.27 KB )
H:\test_local\thinkphp\ThinkPHP\Library\Think\Db.class.php ( 5.70 KB )
H:\test_local\thinkphp\ThinkPHP\Library\Think\Db\Driver\Mysql.class.php ( 8.73 KB )
H:\test_local\thinkphp\ThinkPHP\Library\Think\Db\Driver.class.php ( 41.60 KB )
H:\test_local\thinkphp\ThinkPHP\Library\Behavior\ShowPageTraceBehavior.class.php ( 5.27 KB )

[ 流程 ]


[ 错误 ]
错误:错误信息

[ SQL ]
SELECT * FROM `goods_type` LIMIT 1   [ RunTime:0.0000s ]

[ 调试 ]
提示:测试信息
create vo:
find vo:Array
(
    [goods_type_id] => 1
    [goods_type_name] => 家具
)


[ 用户 ]
提示:用户信息调试

[ 2017-06-13T15:09:44+08:00 ] 127.0.0.1 /thinkphp/Home/Debug/trace_test
[ 基本 ]
请求信息:2017-06-13 15:09:44 HTTP/1.1 GET : /thinkphp/Home/Debug/trace_test
运行时间:0.0360s ( Load:0.0210s Init:0.0030s Exec:0.0120s Template:0.0000s )
吞吐率:27.78req/s
内存开销:1,281.10 kb
查询信息:1 queries 0 writes 
文件加载:16
缓存信息:0 gets 0 writes 
配置加载:132
会话信息:SESSION_ID=h178g8fcumrjrticu0a4nj8pk7

[ 文件 ]
H:\test_local\thinkphp\index.php ( 1.96 KB )
H:\test_local\thinkphp\ThinkPHP\ThinkPHP.php ( 4.71 KB )
H:\test_local\thinkphp\ThinkPHP\Library\Think\Think.class.php ( 12.32 KB )
H:\test_local\thinkphp\ThinkPHP\Library\Think\Storage.class.php ( 1.38 KB )
H:\test_local\thinkphp\ThinkPHP\Library\Think\Storage\Driver\File.class.php ( 3.56 KB )
H:\test_local\thinkphp\Application\Runtime\common~runtime.php ( 70.53 KB )
H:\test_local\thinkphp\Application\Common\Conf\user.php ( 0.37 KB )
H:\test_local\thinkphp\Application\Common\Conf\db.php ( 0.59 KB )
H:\test_local\thinkphp\Application\Home\Conf\config.php ( 2.62 KB )
H:\test_local\thinkphp\ThinkPHP\Library\Behavior\ReadHtmlCacheBehavior.class.php ( 5.62 KB )
H:\test_local\thinkphp\Application\Home\Controller\DebugController.class.php ( 1.83 KB )
H:\test_local\thinkphp\ThinkPHP\Library\Think\Model.class.php ( 67.27 KB )
H:\test_local\thinkphp\ThinkPHP\Library\Think\Db.class.php ( 5.70 KB )
H:\test_local\thinkphp\ThinkPHP\Library\Think\Db\Driver\Mysql.class.php ( 8.73 KB )
H:\test_local\thinkphp\ThinkPHP\Library\Think\Db\Driver.class.php ( 41.60 KB )
H:\test_local\thinkphp\ThinkPHP\Library\Behavior\ShowPageTraceBehavior.class.php ( 5.27 KB )

[ 流程 ]


[ 错误 ]
错误:错误信息

[ SQL ]
SELECT * FROM `goods_type` LIMIT 1   [ RunTime:0.0000s ]

[ 调试 ]
提示:测试信息
create vo:
find vo:Array
(
    [goods_type_id] => 1
    [goods_type_name] => 家具
)


[ 用户 ]
提示:用户信息调试

[ 2017-06-13T15:09:44+08:00 ] 127.0.0.1 /thinkphp/Home/Debug/trace_test
[ 基本 ]
请求信息:2017-06-13 15:09:44 HTTP/1.1 GET : /thinkphp/Home/Debug/trace_test
运行时间:0.0450s ( Load:0.0210s Init:0.0030s Exec:0.0210s Template:0.0000s )
吞吐率:22.22req/s
内存开销:1,281.10 kb
查询信息:1 queries 0 writes 
文件加载:16
缓存信息:0 gets 0 writes 
配置加载:132
会话信息:SESSION_ID=h178g8fcumrjrticu0a4nj8pk7

[ 文件 ]
H:\test_local\thinkphp\index.php ( 1.96 KB )
H:\test_local\thinkphp\ThinkPHP\ThinkPHP.php ( 4.71 KB )
H:\test_local\thinkphp\ThinkPHP\Library\Think\Think.class.php ( 12.32 KB )
H:\test_local\thinkphp\ThinkPHP\Library\Think\Storage.class.php ( 1.38 KB )
H:\test_local\thinkphp\ThinkPHP\Library\Think\Storage\Driver\File.class.php ( 3.56 KB )
H:\test_local\thinkphp\Application\Runtime\common~runtime.php ( 70.53 KB )
H:\test_local\thinkphp\Application\Common\Conf\user.php ( 0.37 KB )
H:\test_local\thinkphp\Application\Common\Conf\db.php ( 0.59 KB )
H:\test_local\thinkphp\Application\Home\Conf\config.php ( 2.62 KB )
H:\test_local\thinkphp\ThinkPHP\Library\Behavior\ReadHtmlCacheBehavior.class.php ( 5.62 KB )
H:\test_local\thinkphp\Application\Home\Controller\DebugController.class.php ( 1.83 KB )
H:\test_local\thinkphp\ThinkPHP\Library\Think\Model.class.php ( 67.27 KB )
H:\test_local\thinkphp\ThinkPHP\Library\Think\Db.class.php ( 5.70 KB )
H:\test_local\thinkphp\ThinkPHP\Library\Think\Db\Driver\Mysql.class.php ( 8.73 KB )
H:\test_local\thinkphp\ThinkPHP\Library\Think\Db\Driver.class.php ( 41.60 KB )
H:\test_local\thinkphp\ThinkPHP\Library\Behavior\ShowPageTraceBehavior.class.php ( 5.27 KB )

[ 流程 ]


[ 错误 ]
错误:错误信息

[ SQL ]
SELECT * FROM `goods_type` LIMIT 1   [ RunTime:0.0000s ]

[ 调试 ]
提示:测试信息
create vo:
find vo:Array
(
    [goods_type_id] => 1
    [goods_type_name] => 家具
)


[ 用户 ]
提示:用户信息调试

[ 2017-06-13T15:09:47+08:00 ] 127.0.0.1 /thinkphp/Home/Debug/trace_test
[ 基本 ]
请求信息:2017-06-13 15:09:47 HTTP/1.1 GET : /thinkphp/Home/Debug/trace_test
运行时间:0.0450s ( Load:0.0150s Init:0.0040s Exec:0.0260s Template:0.0000s )
吞吐率:22.22req/s
内存开销:1,281.10 kb
查询信息:1 queries 0 writes 
文件加载:16
缓存信息:0 gets 0 writes 
配置加载:132
会话信息:SESSION_ID=h178g8fcumrjrticu0a4nj8pk7

[ 文件 ]
H:\test_local\thinkphp\index.php ( 1.96 KB )
H:\test_local\thinkphp\ThinkPHP\ThinkPHP.php ( 4.71 KB )
H:\test_local\thinkphp\ThinkPHP\Library\Think\Think.class.php ( 12.32 KB )
H:\test_local\thinkphp\ThinkPHP\Library\Think\Storage.class.php ( 1.38 KB )
H:\test_local\thinkphp\ThinkPHP\Library\Think\Storage\Driver\File.class.php ( 3.56 KB )
H:\test_local\thinkphp\Application\Runtime\common~runtime.php ( 70.53 KB )
H:\test_local\thinkphp\Application\Common\Conf\user.php ( 0.37 KB )
H:\test_local\thinkphp\Application\Common\Conf\db.php ( 0.59 KB )
H:\test_local\thinkphp\Application\Home\Conf\config.php ( 2.62 KB )
H:\test_local\thinkphp\ThinkPHP\Library\Behavior\ReadHtmlCacheBehavior.class.php ( 5.62 KB )
H:\test_local\thinkphp\Application\Home\Controller\DebugController.class.php ( 1.83 KB )
H:\test_local\thinkphp\ThinkPHP\Library\Think\Model.class.php ( 67.27 KB )
H:\test_local\thinkphp\ThinkPHP\Library\Think\Db.class.php ( 5.70 KB )
H:\test_local\thinkphp\ThinkPHP\Library\Think\Db\Driver\Mysql.class.php ( 8.73 KB )
H:\test_local\thinkphp\ThinkPHP\Library\Think\Db\Driver.class.php ( 41.60 KB )
H:\test_local\thinkphp\ThinkPHP\Library\Behavior\ShowPageTraceBehavior.class.php ( 5.27 KB )

[ 流程 ]


[ 错误 ]
错误:错误信息

[ SQL ]
SELECT * FROM `goods_type` LIMIT 1   [ RunTime:0.0000s ]

[ 调试 ]
提示:测试信息
create vo:
find vo:Array
(
    [goods_type_id] => 1
    [goods_type_name] => 家具
)


[ 用户 ]
提示:用户信息调试

[ 2017-06-13T15:09:47+08:00 ] 127.0.0.1 /thinkphp/Home/Debug/trace_test
[ 基本 ]
请求信息:2017-06-13 15:09:47 HTTP/1.1 GET : /thinkphp/Home/Debug/trace_test
运行时间:0.0240s ( Load:0.0110s Init:0.0050s Exec:0.0080s Template:0.0000s )
吞吐率:41.67req/s
内存开销:1,281.10 kb
查询信息:1 queries 0 writes 
文件加载:16
缓存信息:0 gets 0 writes 
配置加载:132
会话信息:SESSION_ID=h178g8fcumrjrticu0a4nj8pk7

[ 文件 ]
H:\test_local\thinkphp\index.php ( 1.96 KB )
H:\test_local\thinkphp\ThinkPHP\ThinkPHP.php ( 4.71 KB )
H:\test_local\thinkphp\ThinkPHP\Library\Think\Think.class.php ( 12.32 KB )
H:\test_local\thinkphp\ThinkPHP\Library\Think\Storage.class.php ( 1.38 KB )
H:\test_local\thinkphp\ThinkPHP\Library\Think\Storage\Driver\File.class.php ( 3.56 KB )
H:\test_local\thinkphp\Application\Runtime\common~runtime.php ( 70.53 KB )
H:\test_local\thinkphp\Application\Common\Conf\user.php ( 0.37 KB )
H:\test_local\thinkphp\Application\Common\Conf\db.php ( 0.59 KB )
H:\test_local\thinkphp\Application\Home\Conf\config.php ( 2.62 KB )
H:\test_local\thinkphp\ThinkPHP\Library\Behavior\ReadHtmlCacheBehavior.class.php ( 5.62 KB )
H:\test_local\thinkphp\Application\Home\Controller\DebugController.class.php ( 1.83 KB )
H:\test_local\thinkphp\ThinkPHP\Library\Think\Model.class.php ( 67.27 KB )
H:\test_local\thinkphp\ThinkPHP\Library\Think\Db.class.php ( 5.70 KB )
H:\test_local\thinkphp\ThinkPHP\Library\Think\Db\Driver\Mysql.class.php ( 8.73 KB )
H:\test_local\thinkphp\ThinkPHP\Library\Think\Db\Driver.class.php ( 41.60 KB )
H:\test_local\thinkphp\ThinkPHP\Library\Behavior\ShowPageTraceBehavior.class.php ( 5.27 KB )

[ 流程 ]


[ 错误 ]
错误:错误信息

[ SQL ]
SELECT * FROM `goods_type` LIMIT 1   [ RunTime:0.0000s ]

[ 调试 ]
提示:测试信息
create vo:
find vo:Array
(
    [goods_type_id] => 1
    [goods_type_name] => 家具
)


[ 用户 ]
提示:用户信息调试

[ 2017-06-13T15:09:47+08:00 ] 127.0.0.1 /thinkphp/Home/Debug/trace_test
[ 基本 ]
请求信息:2017-06-13 15:09:47 HTTP/1.1 GET : /thinkphp/Home/Debug/trace_test
运行时间:0.0390s ( Load:0.0200s Init:0.0040s Exec:0.0150s Template:0.0000s )
吞吐率:25.64req/s
内存开销:1,281.10 kb
查询信息:1 queries 0 writes 
文件加载:16
缓存信息:0 gets 0 writes 
配置加载:132
会话信息:SESSION_ID=h178g8fcumrjrticu0a4nj8pk7

[ 文件 ]
H:\test_local\thinkphp\index.php ( 1.96 KB )
H:\test_local\thinkphp\ThinkPHP\ThinkPHP.php ( 4.71 KB )
H:\test_local\thinkphp\ThinkPHP\Library\Think\Think.class.php ( 12.32 KB )
H:\test_local\thinkphp\ThinkPHP\Library\Think\Storage.class.php ( 1.38 KB )
H:\test_local\thinkphp\ThinkPHP\Library\Think\Storage\Driver\File.class.php ( 3.56 KB )
H:\test_local\thinkphp\Application\Runtime\common~runtime.php ( 70.53 KB )
H:\test_local\thinkphp\Application\Common\Conf\user.php ( 0.37 KB )
H:\test_local\thinkphp\Application\Common\Conf\db.php ( 0.59 KB )
H:\test_local\thinkphp\Application\Home\Conf\config.php ( 2.62 KB )
H:\test_local\thinkphp\ThinkPHP\Library\Behavior\ReadHtmlCacheBehavior.class.php ( 5.62 KB )
H:\test_local\thinkphp\Application\Home\Controller\DebugController.class.php ( 1.83 KB )
H:\test_local\thinkphp\ThinkPHP\Library\Think\Model.class.php ( 67.27 KB )
H:\test_local\thinkphp\ThinkPHP\Library\Think\Db.class.php ( 5.70 KB )
H:\test_local\thinkphp\ThinkPHP\Library\Think\Db\Driver\Mysql.class.php ( 8.73 KB )
H:\test_local\thinkphp\ThinkPHP\Library\Think\Db\Driver.class.php ( 41.60 KB )
H:\test_local\thinkphp\ThinkPHP\Library\Behavior\ShowPageTraceBehavior.class.php ( 5.27 KB )

[ 流程 ]


[ 错误 ]
错误:错误信息

[ SQL ]
SELECT * FROM `goods_type` LIMIT 1   [ RunTime:0.0000s ]

[ 调试 ]
提示:测试信息
create vo:
find vo:Array
(
    [goods_type_id] => 1
    [goods_type_name] => 家具
)


[ 用户 ]
提示:用户信息调试

[ 2017-06-13T15:09:48+08:00 ] 127.0.0.1 /thinkphp/Home/Debug/trace_test
[ 基本 ]
请求信息:2017-06-13 15:09:48 HTTP/1.1 GET : /thinkphp/Home/Debug/trace_test
运行时间:0.0310s ( Load:0.0110s Init:0.0030s Exec:0.0170s Template:0.0000s )
吞吐率:32.26req/s
内存开销:1,281.10 kb
查询信息:1 queries 0 writes 
文件加载:16
缓存信息:0 gets 0 writes 
配置加载:132
会话信息:SESSION_ID=h178g8fcumrjrticu0a4nj8pk7

[ 文件 ]
H:\test_local\thinkphp\index.php ( 1.96 KB )
H:\test_local\thinkphp\ThinkPHP\ThinkPHP.php ( 4.71 KB )
H:\test_local\thinkphp\ThinkPHP\Library\Think\Think.class.php ( 12.32 KB )
H:\test_local\thinkphp\ThinkPHP\Library\Think\Storage.class.php ( 1.38 KB )
H:\test_local\thinkphp\ThinkPHP\Library\Think\Storage\Driver\File.class.php ( 3.56 KB )
H:\test_local\thinkphp\Application\Runtime\common~runtime.php ( 70.53 KB )
H:\test_local\thinkphp\Application\Common\Conf\user.php ( 0.37 KB )
H:\test_local\thinkphp\Application\Common\Conf\db.php ( 0.59 KB )
H:\test_local\thinkphp\Application\Home\Conf\config.php ( 2.62 KB )
H:\test_local\thinkphp\ThinkPHP\Library\Behavior\ReadHtmlCacheBehavior.class.php ( 5.62 KB )
H:\test_local\thinkphp\Application\Home\Controller\DebugController.class.php ( 1.83 KB )
H:\test_local\thinkphp\ThinkPHP\Library\Think\Model.class.php ( 67.27 KB )
H:\test_local\thinkphp\ThinkPHP\Library\Think\Db.class.php ( 5.70 KB )
H:\test_local\thinkphp\ThinkPHP\Library\Think\Db\Driver\Mysql.class.php ( 8.73 KB )
H:\test_local\thinkphp\ThinkPHP\Library\Think\Db\Driver.class.php ( 41.60 KB )
H:\test_local\thinkphp\ThinkPHP\Library\Behavior\ShowPageTraceBehavior.class.php ( 5.27 KB )

[ 流程 ]


[ 错误 ]
错误:错误信息

[ SQL ]
SELECT * FROM `goods_type` LIMIT 1   [ RunTime:0.0010s ]

[ 调试 ]
提示:测试信息
create vo:
find vo:Array
(
    [goods_type_id] => 1
    [goods_type_name] => 家具
)


[ 用户 ]
提示:用户信息调试

[ 2017-06-13T15:09:58+08:00 ] 127.0.0.1 /thinkphp/Home/Debug/trace_test
[ 基本 ]
请求信息:2017-06-13 15:09:58 HTTP/1.1 GET : /thinkphp/Home/Debug/trace_test
运行时间:0.0340s ( Load:0.0100s Init:0.0030s Exec:0.0210s Template:0.0000s )
吞吐率:29.41req/s
内存开销:1,281.10 kb
查询信息:1 queries 0 writes 
文件加载:16
缓存信息:0 gets 0 writes 
配置加载:132
会话信息:SESSION_ID=h178g8fcumrjrticu0a4nj8pk7

[ 文件 ]
H:\test_local\thinkphp\index.php ( 1.96 KB )
H:\test_local\thinkphp\ThinkPHP\ThinkPHP.php ( 4.71 KB )
H:\test_local\thinkphp\ThinkPHP\Library\Think\Think.class.php ( 12.32 KB )
H:\test_local\thinkphp\ThinkPHP\Library\Think\Storage.class.php ( 1.38 KB )
H:\test_local\thinkphp\ThinkPHP\Library\Think\Storage\Driver\File.class.php ( 3.56 KB )
H:\test_local\thinkphp\Application\Runtime\common~runtime.php ( 70.53 KB )
H:\test_local\thinkphp\Application\Common\Conf\user.php ( 0.37 KB )
H:\test_local\thinkphp\Application\Common\Conf\db.php ( 0.59 KB )
H:\test_local\thinkphp\Application\Home\Conf\config.php ( 2.62 KB )
H:\test_local\thinkphp\ThinkPHP\Library\Behavior\ReadHtmlCacheBehavior.class.php ( 5.62 KB )
H:\test_local\thinkphp\Application\Home\Controller\DebugController.class.php ( 1.83 KB )
H:\test_local\thinkphp\ThinkPHP\Library\Think\Model.class.php ( 67.27 KB )
H:\test_local\thinkphp\ThinkPHP\Library\Think\Db.class.php ( 5.70 KB )
H:\test_local\thinkphp\ThinkPHP\Library\Think\Db\Driver\Mysql.class.php ( 8.73 KB )
H:\test_local\thinkphp\ThinkPHP\Library\Think\Db\Driver.class.php ( 41.60 KB )
H:\test_local\thinkphp\ThinkPHP\Library\Behavior\ShowPageTraceBehavior.class.php ( 5.27 KB )

[ 流程 ]


[ 错误 ]
错误:错误信息

[ SQL ]
SELECT * FROM `goods_type` LIMIT 1   [ RunTime:0.0000s ]

[ 调试 ]
提示:测试信息
create vo:
find vo:Array
(
    [goods_type_id] => 1
    [goods_type_name] => 家具
)


[ 用户 ]
提示:用户信息调试

[ 2017-06-13T15:09:58+08:00 ] 127.0.0.1 /thinkphp/Home/Debug/trace_test
[ 基本 ]
请求信息:2017-06-13 15:09:58 HTTP/1.1 GET : /thinkphp/Home/Debug/trace_test
运行时间:0.0260s ( Load:0.0070s Init:0.0010s Exec:0.0180s Template:0.0000s )
吞吐率:38.46req/s
内存开销:1,281.10 kb
查询信息:1 queries 0 writes 
文件加载:16
缓存信息:0 gets 0 writes 
配置加载:132
会话信息:SESSION_ID=h178g8fcumrjrticu0a4nj8pk7

[ 文件 ]
H:\test_local\thinkphp\index.php ( 1.96 KB )
H:\test_local\thinkphp\ThinkPHP\ThinkPHP.php ( 4.71 KB )
H:\test_local\thinkphp\ThinkPHP\Library\Think\Think.class.php ( 12.32 KB )
H:\test_local\thinkphp\ThinkPHP\Library\Think\Storage.class.php ( 1.38 KB )
H:\test_local\thinkphp\ThinkPHP\Library\Think\Storage\Driver\File.class.php ( 3.56 KB )
H:\test_local\thinkphp\Application\Runtime\common~runtime.php ( 70.53 KB )
H:\test_local\thinkphp\Application\Common\Conf\user.php ( 0.37 KB )
H:\test_local\thinkphp\Application\Common\Conf\db.php ( 0.59 KB )
H:\test_local\thinkphp\Application\Home\Conf\config.php ( 2.62 KB )
H:\test_local\thinkphp\ThinkPHP\Library\Behavior\ReadHtmlCacheBehavior.class.php ( 5.62 KB )
H:\test_local\thinkphp\Application\Home\Controller\DebugController.class.php ( 1.83 KB )
H:\test_local\thinkphp\ThinkPHP\Library\Think\Model.class.php ( 67.27 KB )
H:\test_local\thinkphp\ThinkPHP\Library\Think\Db.class.php ( 5.70 KB )
H:\test_local\thinkphp\ThinkPHP\Library\Think\Db\Driver\Mysql.class.php ( 8.73 KB )
H:\test_local\thinkphp\ThinkPHP\Library\Think\Db\Driver.class.php ( 41.60 KB )
H:\test_local\thinkphp\ThinkPHP\Library\Behavior\ShowPageTraceBehavior.class.php ( 5.27 KB )

[ 流程 ]


[ 错误 ]
错误:错误信息

[ SQL ]
SELECT * FROM `goods_type` LIMIT 1   [ RunTime:0.0000s ]

[ 调试 ]
提示:测试信息
create vo:
find vo:Array
(
    [goods_type_id] => 1
    [goods_type_name] => 家具
)


[ 用户 ]
提示:用户信息调试

[ 2017-06-13T15:09:59+08:00 ] 127.0.0.1 /thinkphp/Home/Debug/trace_test
[ 基本 ]
请求信息:2017-06-13 15:09:59 HTTP/1.1 GET : /thinkphp/Home/Debug/trace_test
运行时间:0.0330s ( Load:0.0190s Init:0.0020s Exec:0.0120s Template:0.0000s )
吞吐率:30.30req/s
内存开销:1,281.10 kb
查询信息:1 queries 0 writes 
文件加载:16
缓存信息:0 gets 0 writes 
配置加载:132
会话信息:SESSION_ID=h178g8fcumrjrticu0a4nj8pk7

[ 文件 ]
H:\test_local\thinkphp\index.php ( 1.96 KB )
H:\test_local\thinkphp\ThinkPHP\ThinkPHP.php ( 4.71 KB )
H:\test_local\thinkphp\ThinkPHP\Library\Think\Think.class.php ( 12.32 KB )
H:\test_local\thinkphp\ThinkPHP\Library\Think\Storage.class.php ( 1.38 KB )
H:\test_local\thinkphp\ThinkPHP\Library\Think\Storage\Driver\File.class.php ( 3.56 KB )
H:\test_local\thinkphp\Application\Runtime\common~runtime.php ( 70.53 KB )
H:\test_local\thinkphp\Application\Common\Conf\user.php ( 0.37 KB )
H:\test_local\thinkphp\Application\Common\Conf\db.php ( 0.59 KB )
H:\test_local\thinkphp\Application\Home\Conf\config.php ( 2.62 KB )
H:\test_local\thinkphp\ThinkPHP\Library\Behavior\ReadHtmlCacheBehavior.class.php ( 5.62 KB )
H:\test_local\thinkphp\Application\Home\Controller\DebugController.class.php ( 1.83 KB )
H:\test_local\thinkphp\ThinkPHP\Library\Think\Model.class.php ( 67.27 KB )
H:\test_local\thinkphp\ThinkPHP\Library\Think\Db.class.php ( 5.70 KB )
H:\test_local\thinkphp\ThinkPHP\Library\Think\Db\Driver\Mysql.class.php ( 8.73 KB )
H:\test_local\thinkphp\ThinkPHP\Library\Think\Db\Driver.class.php ( 41.60 KB )
H:\test_local\thinkphp\ThinkPHP\Library\Behavior\ShowPageTraceBehavior.class.php ( 5.27 KB )

[ 流程 ]


[ 错误 ]
错误:错误信息

[ SQL ]
SELECT * FROM `goods_type` LIMIT 1   [ RunTime:0.0010s ]

[ 调试 ]
提示:测试信息
create vo:
find vo:Array
(
    [goods_type_id] => 1
    [goods_type_name] => 家具
)


[ 用户 ]
提示:用户信息调试

[ 2017-06-13T15:09:59+08:00 ] 127.0.0.1 /thinkphp/Home/Debug/trace_test
[ 基本 ]
请求信息:2017-06-13 15:09:59 HTTP/1.1 GET : /thinkphp/Home/Debug/trace_test
运行时间:0.0380s ( Load:0.0170s Init:0.0040s Exec:0.0170s Template:0.0000s )
吞吐率:26.32req/s
内存开销:1,281.10 kb
查询信息:1 queries 0 writes 
文件加载:16
缓存信息:0 gets 0 writes 
配置加载:132
会话信息:SESSION_ID=h178g8fcumrjrticu0a4nj8pk7

[ 文件 ]
H:\test_local\thinkphp\index.php ( 1.96 KB )
H:\test_local\thinkphp\ThinkPHP\ThinkPHP.php ( 4.71 KB )
H:\test_local\thinkphp\ThinkPHP\Library\Think\Think.class.php ( 12.32 KB )
H:\test_local\thinkphp\ThinkPHP\Library\Think\Storage.class.php ( 1.38 KB )
H:\test_local\thinkphp\ThinkPHP\Library\Think\Storage\Driver\File.class.php ( 3.56 KB )
H:\test_local\thinkphp\Application\Runtime\common~runtime.php ( 70.53 KB )
H:\test_local\thinkphp\Application\Common\Conf\user.php ( 0.37 KB )
H:\test_local\thinkphp\Application\Common\Conf\db.php ( 0.59 KB )
H:\test_local\thinkphp\Application\Home\Conf\config.php ( 2.62 KB )
H:\test_local\thinkphp\ThinkPHP\Library\Behavior\ReadHtmlCacheBehavior.class.php ( 5.62 KB )
H:\test_local\thinkphp\Application\Home\Controller\DebugController.class.php ( 1.83 KB )
H:\test_local\thinkphp\ThinkPHP\Library\Think\Model.class.php ( 67.27 KB )
H:\test_local\thinkphp\ThinkPHP\Library\Think\Db.class.php ( 5.70 KB )
H:\test_local\thinkphp\ThinkPHP\Library\Think\Db\Driver\Mysql.class.php ( 8.73 KB )
H:\test_local\thinkphp\ThinkPHP\Library\Think\Db\Driver.class.php ( 41.60 KB )
H:\test_local\thinkphp\ThinkPHP\Library\Behavior\ShowPageTraceBehavior.class.php ( 5.27 KB )

[ 流程 ]


[ 错误 ]
错误:错误信息

[ SQL ]
SELECT * FROM `goods_type` LIMIT 1   [ RunTime:0.0000s ]

[ 调试 ]
提示:测试信息
create vo:
find vo:Array
(
    [goods_type_id] => 1
    [goods_type_name] => 家具
)


[ 用户 ]
提示:用户信息调试

[ 2017-06-13T15:10:00+08:00 ] 127.0.0.1 /thinkphp/Home/Debug/trace_test
[ 基本 ]
请求信息:2017-06-13 15:10:00 HTTP/1.1 GET : /thinkphp/Home/Debug/trace_test
运行时间:0.0320s ( Load:0.0140s Init:0.0030s Exec:0.0150s Template:0.0000s )
吞吐率:31.25req/s
内存开销:1,281.10 kb
查询信息:1 queries 0 writes 
文件加载:16
缓存信息:0 gets 0 writes 
配置加载:132
会话信息:SESSION_ID=h178g8fcumrjrticu0a4nj8pk7

[ 文件 ]
H:\test_local\thinkphp\index.php ( 1.96 KB )
H:\test_local\thinkphp\ThinkPHP\ThinkPHP.php ( 4.71 KB )
H:\test_local\thinkphp\ThinkPHP\Library\Think\Think.class.php ( 12.32 KB )
H:\test_local\thinkphp\ThinkPHP\Library\Think\Storage.class.php ( 1.38 KB )
H:\test_local\thinkphp\ThinkPHP\Library\Think\Storage\Driver\File.class.php ( 3.56 KB )
H:\test_local\thinkphp\Application\Runtime\common~runtime.php ( 70.53 KB )
H:\test_local\thinkphp\Application\Common\Conf\user.php ( 0.37 KB )
H:\test_local\thinkphp\Application\Common\Conf\db.php ( 0.59 KB )
H:\test_local\thinkphp\Application\Home\Conf\config.php ( 2.62 KB )
H:\test_local\thinkphp\ThinkPHP\Library\Behavior\ReadHtmlCacheBehavior.class.php ( 5.62 KB )
H:\test_local\thinkphp\Application\Home\Controller\DebugController.class.php ( 1.83 KB )
H:\test_local\thinkphp\ThinkPHP\Library\Think\Model.class.php ( 67.27 KB )
H:\test_local\thinkphp\ThinkPHP\Library\Think\Db.class.php ( 5.70 KB )
H:\test_local\thinkphp\ThinkPHP\Library\Think\Db\Driver\Mysql.class.php ( 8.73 KB )
H:\test_local\thinkphp\ThinkPHP\Library\Think\Db\Driver.class.php ( 41.60 KB )
H:\test_local\thinkphp\ThinkPHP\Library\Behavior\ShowPageTraceBehavior.class.php ( 5.27 KB )

[ 流程 ]


[ 错误 ]
错误:错误信息

[ SQL ]
SELECT * FROM `goods_type` LIMIT 1   [ RunTime:0.0000s ]

[ 调试 ]
提示:测试信息
create vo:
find vo:Array
(
    [goods_type_id] => 1
    [goods_type_name] => 家具
)


[ 用户 ]
提示:用户信息调试

[ 2017-06-13T15:10:01+08:00 ] 127.0.0.1 /thinkphp/Home/Debug/trace_test
[ 基本 ]
请求信息:2017-06-13 15:10:01 HTTP/1.1 GET : /thinkphp/Home/Debug/trace_test
运行时间:0.0310s ( Load:0.0140s Init:0.0030s Exec:0.0140s Template:0.0000s )
吞吐率:32.26req/s
内存开销:1,281.10 kb
查询信息:1 queries 0 writes 
文件加载:16
缓存信息:0 gets 0 writes 
配置加载:132
会话信息:SESSION_ID=h178g8fcumrjrticu0a4nj8pk7

[ 文件 ]
H:\test_local\thinkphp\index.php ( 1.96 KB )
H:\test_local\thinkphp\ThinkPHP\ThinkPHP.php ( 4.71 KB )
H:\test_local\thinkphp\ThinkPHP\Library\Think\Think.class.php ( 12.32 KB )
H:\test_local\thinkphp\ThinkPHP\Library\Think\Storage.class.php ( 1.38 KB )
H:\test_local\thinkphp\ThinkPHP\Library\Think\Storage\Driver\File.class.php ( 3.56 KB )
H:\test_local\thinkphp\Application\Runtime\common~runtime.php ( 70.53 KB )
H:\test_local\thinkphp\Application\Common\Conf\user.php ( 0.37 KB )
H:\test_local\thinkphp\Application\Common\Conf\db.php ( 0.59 KB )
H:\test_local\thinkphp\Application\Home\Conf\config.php ( 2.62 KB )
H:\test_local\thinkphp\ThinkPHP\Library\Behavior\ReadHtmlCacheBehavior.class.php ( 5.62 KB )
H:\test_local\thinkphp\Application\Home\Controller\DebugController.class.php ( 1.83 KB )
H:\test_local\thinkphp\ThinkPHP\Library\Think\Model.class.php ( 67.27 KB )
H:\test_local\thinkphp\ThinkPHP\Library\Think\Db.class.php ( 5.70 KB )
H:\test_local\thinkphp\ThinkPHP\Library\Think\Db\Driver\Mysql.class.php ( 8.73 KB )
H:\test_local\thinkphp\ThinkPHP\Library\Think\Db\Driver.class.php ( 41.60 KB )
H:\test_local\thinkphp\ThinkPHP\Library\Behavior\ShowPageTraceBehavior.class.php ( 5.27 KB )

[ 流程 ]


[ 错误 ]
错误:错误信息

[ SQL ]
SELECT * FROM `goods_type` LIMIT 1   [ RunTime:0.0010s ]

[ 调试 ]
提示:测试信息
create vo:
find vo:Array
(
    [goods_type_id] => 1
    [goods_type_name] => 家具
)


[ 用户 ]
提示:用户信息调试

[ 2017-06-13T15:10:29+08:00 ] 127.0.0.1 /thinkphp/Home/Debug/trace_test
[ 基本 ]
请求信息:2017-06-13 15:10:29 HTTP/1.1 GET : /thinkphp/Home/Debug/trace_test
运行时间:0.0380s ( Load:0.0100s Init:0.0040s Exec:0.0240s Template:0.0000s )
吞吐率:26.32req/s
内存开销:1,281.10 kb
查询信息:1 queries 0 writes 
文件加载:16
缓存信息:0 gets 0 writes 
配置加载:132
会话信息:SESSION_ID=h178g8fcumrjrticu0a4nj8pk7

[ 文件 ]
H:\test_local\thinkphp\index.php ( 1.96 KB )
H:\test_local\thinkphp\ThinkPHP\ThinkPHP.php ( 4.71 KB )
H:\test_local\thinkphp\ThinkPHP\Library\Think\Think.class.php ( 12.32 KB )
H:\test_local\thinkphp\ThinkPHP\Library\Think\Storage.class.php ( 1.38 KB )
H:\test_local\thinkphp\ThinkPHP\Library\Think\Storage\Driver\File.class.php ( 3.56 KB )
H:\test_local\thinkphp\Application\Runtime\common~runtime.php ( 70.53 KB )
H:\test_local\thinkphp\Application\Common\Conf\user.php ( 0.37 KB )
H:\test_local\thinkphp\Application\Common\Conf\db.php ( 0.59 KB )
H:\test_local\thinkphp\Application\Home\Conf\config.php ( 2.62 KB )
H:\test_local\thinkphp\ThinkPHP\Library\Behavior\ReadHtmlCacheBehavior.class.php ( 5.62 KB )
H:\test_local\thinkphp\Application\Home\Controller\DebugController.class.php ( 1.88 KB )
H:\test_local\thinkphp\ThinkPHP\Library\Think\Model.class.php ( 67.27 KB )
H:\test_local\thinkphp\ThinkPHP\Library\Think\Db.class.php ( 5.70 KB )
H:\test_local\thinkphp\ThinkPHP\Library\Think\Db\Driver\Mysql.class.php ( 8.73 KB )
H:\test_local\thinkphp\ThinkPHP\Library\Think\Db\Driver.class.php ( 41.60 KB )
H:\test_local\thinkphp\ThinkPHP\Library\Behavior\ShowPageTraceBehavior.class.php ( 5.27 KB )

[ 流程 ]


[ 错误 ]
错误:错误信息

[ SQL ]
SELECT * FROM `goods_type` LIMIT 1   [ RunTime:0.0000s ]

[ 调试 ]
提示:测试信息
create vo:
find vo:Array
(
    [goods_type_id] => 1
    [goods_type_name] => 家具
)


[ 用户 ]
提示:用户信息调试

[ 2017-06-13T15:18:38+08:00 ] 127.0.0.1 /thinkphp/Home/Debug/trace_test
[ 基本 ]
请求信息:2017-06-13 15:18:38 HTTP/1.1 GET : /thinkphp/Home/Debug/trace_test
运行时间:0.0300s ( Load:0.0120s Init:0.0040s Exec:0.0140s Template:0.0000s )
吞吐率:33.33req/s
内存开销:1,281.73 kb
查询信息:1 queries 0 writes 
文件加载:16
缓存信息:0 gets 0 writes 
配置加载:132
会话信息:SESSION_ID=h178g8fcumrjrticu0a4nj8pk7

[ 文件 ]
H:\test_local\thinkphp\index.php ( 1.96 KB )
H:\test_local\thinkphp\ThinkPHP\ThinkPHP.php ( 4.71 KB )
H:\test_local\thinkphp\ThinkPHP\Library\Think\Think.class.php ( 12.32 KB )
H:\test_local\thinkphp\ThinkPHP\Library\Think\Storage.class.php ( 1.38 KB )
H:\test_local\thinkphp\ThinkPHP\Library\Think\Storage\Driver\File.class.php ( 3.56 KB )
H:\test_local\thinkphp\Application\Runtime\common~runtime.php ( 70.53 KB )
H:\test_local\thinkphp\Application\Common\Conf\user.php ( 0.37 KB )
H:\test_local\thinkphp\Application\Common\Conf\db.php ( 0.59 KB )
H:\test_local\thinkphp\Application\Home\Conf\config.php ( 2.62 KB )
H:\test_local\thinkphp\ThinkPHP\Library\Behavior\ReadHtmlCacheBehavior.class.php ( 5.62 KB )
H:\test_local\thinkphp\Application\Home\Controller\DebugController.class.php ( 2.03 KB )
H:\test_local\thinkphp\ThinkPHP\Library\Think\Model.class.php ( 67.27 KB )
H:\test_local\thinkphp\ThinkPHP\Library\Think\Db.class.php ( 5.70 KB )
H:\test_local\thinkphp\ThinkPHP\Library\Think\Db\Driver\Mysql.class.php ( 8.73 KB )
H:\test_local\thinkphp\ThinkPHP\Library\Think\Db\Driver.class.php ( 41.60 KB )
H:\test_local\thinkphp\ThinkPHP\Library\Behavior\ShowPageTraceBehavior.class.php ( 5.27 KB )

[ 流程 ]


[ 错误 ]
错误:错误信息

[ SQL ]
SELECT * FROM `goods_type` LIMIT 1   [ RunTime:0.0010s ]

[ 调试 ]
提示:测试信息
create vo:
find vo:Array
(
    [goods_type_id] => 1
    [goods_type_name] => 家具
)


[ 用户 ]
提示:用户信息调试

[ 2017-06-13T15:18:45+08:00 ] 127.0.0.1 /thinkphp/Home/Debug/dump_test
[ 基本 ]
请求信息:2017-06-13 15:18:45 HTTP/1.1 GET : /thinkphp/Home/Debug/dump_test
运行时间:0.0170s ( Load:0.0120s Init:0.0040s Exec:0.0010s Template:0.0000s )
吞吐率:58.82req/s
内存开销:703.88 kb
查询信息:0 queries 0 writes 
文件加载:12
缓存信息:0 gets 0 writes 
配置加载:132
会话信息:SESSION_ID=h178g8fcumrjrticu0a4nj8pk7

[ 文件 ]
H:\test_local\thinkphp\index.php ( 1.96 KB )
H:\test_local\thinkphp\ThinkPHP\ThinkPHP.php ( 4.71 KB )
H:\test_local\thinkphp\ThinkPHP\Library\Think\Think.class.php ( 12.32 KB )
H:\test_local\thinkphp\ThinkPHP\Library\Think\Storage.class.php ( 1.38 KB )
H:\test_local\thinkphp\ThinkPHP\Library\Think\Storage\Driver\File.class.php ( 3.56 KB )
H:\test_local\thinkphp\Application\Runtime\common~runtime.php ( 70.53 KB )
H:\test_local\thinkphp\Application\Common\Conf\user.php ( 0.37 KB )
H:\test_local\thinkphp\Application\Common\Conf\db.php ( 0.59 KB )
H:\test_local\thinkphp\Application\Home\Conf\config.php ( 2.62 KB )
H:\test_local\thinkphp\ThinkPHP\Library\Behavior\ReadHtmlCacheBehavior.class.php ( 5.62 KB )
H:\test_local\thinkphp\Application\Home\Controller\DebugController.class.php ( 2.03 KB )
H:\test_local\thinkphp\ThinkPHP\Library\Behavior\ShowPageTraceBehavior.class.php ( 5.27 KB )

[ 流程 ]


[ 错误 ]


[ SQL ]


[ 调试 ]


[ 用户 ]


