[ 2017-06-11T14:09:14+08:00 ] 127.0.0.1 /thinkphp/info/index/Addon/Systeminfo
INFO: [ app_init ] --START--
INFO: Run Behavior\BuildLiteBehavior [ RunTime:0.000000s ]
INFO: [ app_init ] --END-- [ RunTime:0.000000s ]
ERR: 无法加载模块:Info

[ 2017-06-11T14:10:09+08:00 ] 127.0.0.1 /thinkphp/info/index/Addon/Systeminfo/Controller
INFO: [ app_init ] --START--
INFO: Run Behavior\BuildLiteBehavior [ RunTime:0.000000s ]
INFO: [ app_init ] --END-- [ RunTime:0.000000s ]
ERR: 无法加载模块:Info

[ 2017-06-11T14:10:12+08:00 ] 127.0.0.1 /thinkphp/info/index/Addon/Systeminfo
INFO: [ app_init ] --START--
INFO: Run Behavior\BuildLiteBehavior [ RunTime:0.000000s ]
INFO: [ app_init ] --END-- [ RunTime:0.000000s ]
ERR: 无法加载模块:Info

[ 2017-06-11T14:10:15+08:00 ] 127.0.0.1 /thinkphp/info/index/Addon/Systeminfo
INFO: [ app_init ] --START--
INFO: Run Behavior\BuildLiteBehavior [ RunTime:0.000000s ]
INFO: [ app_init ] --END-- [ RunTime:0.001000s ]
ERR: 无法加载模块:Info

[ 2017-06-11T14:10:21+08:00 ] 127.0.0.1 /thinkphp/Info/index/Addon/Systeminfo
INFO: [ app_init ] --START--
INFO: Run Behavior\BuildLiteBehavior [ RunTime:0.000000s ]
INFO: [ app_init ] --END-- [ RunTime:0.000000s ]
ERR: 无法加载模块:Info

[ 2017-06-11T14:13:33+08:00 ] 127.0.0.1 /thinkphp/Info/index/Addon/Systeminfo
INFO: [ app_init ] --START--
INFO: Run Behavior\BuildLiteBehavior [ RunTime:0.000000s ]
INFO: [ app_init ] --END-- [ RunTime:0.001000s ]
ERR: 无法加载模块:Info

[ 2017-06-11T14:13:34+08:00 ] 127.0.0.1 /thinkphp/Info/index/Addon/Systeminfo
INFO: [ app_init ] --START--
INFO: Run Behavior\BuildLiteBehavior [ RunTime:0.000000s ]
INFO: [ app_init ] --END-- [ RunTime:0.001000s ]
ERR: 无法加载模块:Info

[ 2017-06-11T14:13:34+08:00 ] 127.0.0.1 /thinkphp/Info/index/Addon/Systeminfo
INFO: [ app_init ] --START--
INFO: Run Behavior\BuildLiteBehavior [ RunTime:0.000000s ]
INFO: [ app_init ] --END-- [ RunTime:0.000000s ]
ERR: 无法加载模块:Info

[ 2017-06-11T14:13:39+08:00 ] 127.0.0.1 /thinkphp/Info/index/Addon/Systeminfo
INFO: [ app_init ] --START--
INFO: Run Behavior\BuildLiteBehavior [ RunTime:0.000000s ]
INFO: [ app_init ] --END-- [ RunTime:0.000000s ]
ERR: 无法加载模块:Info

[ 2017-06-11T14:13:39+08:00 ] 127.0.0.1 /thinkphp/Info/index/Addon/Systeminfo
INFO: [ app_init ] --START--
INFO: Run Behavior\BuildLiteBehavior [ RunTime:0.000000s ]
INFO: [ app_init ] --END-- [ RunTime:0.000000s ]
ERR: 无法加载模块:Info

[ 2017-06-11T14:13:40+08:00 ] 127.0.0.1 /thinkphp/Info/index/Addon/Systeminfo
INFO: [ app_init ] --START--
INFO: Run Behavior\BuildLiteBehavior [ RunTime:0.000000s ]
INFO: [ app_init ] --END-- [ RunTime:0.000000s ]
ERR: 无法加载模块:Info

[ 2017-06-11T14:13:40+08:00 ] 127.0.0.1 /thinkphp/Info/index/Addon/Systeminfo
INFO: [ app_init ] --START--
INFO: Run Behavior\BuildLiteBehavior [ RunTime:0.000000s ]
INFO: [ app_init ] --END-- [ RunTime:0.000000s ]
ERR: 无法加载模块:Info

[ 2017-06-11T14:13:40+08:00 ] 127.0.0.1 /thinkphp/Info/index/Addon/Systeminfo
INFO: [ app_init ] --START--
INFO: Run Behavior\BuildLiteBehavior [ RunTime:0.000000s ]
INFO: [ app_init ] --END-- [ RunTime:0.000000s ]
ERR: 无法加载模块:Info

[ 2017-06-11T14:13:41+08:00 ] 127.0.0.1 /thinkphp/Info/index/Addon/Systeminfo
INFO: [ app_init ] --START--
INFO: Run Behavior\BuildLiteBehavior [ RunTime:0.000000s ]
INFO: [ app_init ] --END-- [ RunTime:0.000000s ]
ERR: 无法加载模块:Info

[ 2017-06-11T14:13:41+08:00 ] 127.0.0.1 /thinkphp/Info/index/Addon/Systeminfo
INFO: [ app_init ] --START--
INFO: Run Behavior\BuildLiteBehavior [ RunTime:0.000000s ]
INFO: [ app_init ] --END-- [ RunTime:0.000000s ]
ERR: 无法加载模块:Info

[ 2017-06-11T14:13:41+08:00 ] 127.0.0.1 /thinkphp/Info/index/Addon/Systeminfo
INFO: [ app_init ] --START--
INFO: Run Behavior\BuildLiteBehavior [ RunTime:0.000000s ]
INFO: [ app_init ] --END-- [ RunTime:0.000000s ]
ERR: 无法加载模块:Info

[ 2017-06-11T14:13:41+08:00 ] 127.0.0.1 /thinkphp/Info/index/Addon/Systeminfo
INFO: [ app_init ] --START--
INFO: Run Behavior\BuildLiteBehavior [ RunTime:0.000000s ]
INFO: [ app_init ] --END-- [ RunTime:0.000000s ]
ERR: 无法加载模块:Info

[ 2017-06-11T14:13:42+08:00 ] 127.0.0.1 /thinkphp/Info/index/Addon/Systeminfo
INFO: [ app_init ] --START--
INFO: Run Behavior\BuildLiteBehavior [ RunTime:0.000000s ]
INFO: [ app_init ] --END-- [ RunTime:0.000000s ]
ERR: 无法加载模块:Info

[ 2017-06-11T14:13:51+08:00 ] 127.0.0.1 /thinkphp/Info/index/Addon/Systeminfo
INFO: [ app_init ] --START--
INFO: Run Behavior\BuildLiteBehavior [ RunTime:0.000000s ]
INFO: [ app_init ] --END-- [ RunTime:0.000000s ]
ERR: 无法加载模块:Info

[ 2017-06-11T16:12:40+08:00 ] 127.0.0.1 /thinkphp/index.php/Config/set_config_test
INFO: [ app_init ] --START--
INFO: Run Behavior\BuildLiteBehavior [ RunTime:0.000000s ]
INFO: [ app_init ] --END-- [ RunTime:0.000000s ]
ERR: 无法加载模块:Config

[ 2017-06-11T16:13:04+08:00 ] 127.0.0.1 /thinkphp/index.php/Config/set_config_test
INFO: [ app_init ] --START--
INFO: Run Behavior\BuildLiteBehavior [ RunTime:0.000000s ]
INFO: [ app_init ] --END-- [ RunTime:0.000000s ]
ERR: 无法加载模块:Config

[ 2017-06-11T17:53:42+08:00 ] 127.0.0.1 /thinkphp/index.php/Config/set_config_test
INFO: [ app_init ] --START--
INFO: Run Behavior\BuildLiteBehavior [ RunTime:0.000000s ]
INFO: [ app_init ] --END-- [ RunTime:0.001000s ]
ERR: 无法加载模块:Config

